{"meta": {"format": 3, "version": "7.11.0", "timestamp": "2026-01-24T23:04:03.363971", "branch_coverage": true, "show_contexts": false}, "files": {"src/api/client.py": {"executed_lines": [1, 3, 4, 5, 6, 7, 9, 11, 12, 23, 24, 26, 33, 34, 35, 36, 37, 39, 41, 42, 43, 44, 48, 50, 51, 52, 53, 55, 58, 59, 61, 67, 68, 73, 81, 86, 87, 89, 91, 93, 95, 97, 99, 101, 103, 104, 110, 112, 132, 134, 137, 140, 141, 147, 148, 149, 151, 152, 153, 157, 163, 164, 165, 167, 170, 171, 172, 174, 175, 177, 187, 193, 196, 199, 201, 206, 208, 210, 222, 225, 226, 227, 229, 238, 239, 240, 241, 242, 243, 245, 247, 273, 275, 277, 279, 282, 287, 294, 295, 296, 299, 301, 308, 311, 312, 321, 322, 325, 330, 333, 334, 337, 338, 341, 342, 343, 344, 348, 355, 356, 357, 363, 365, 366, 371, 376, 379, 380, 381, 382, 384, 385, 387, 389, 390, 391, 392, 393, 395, 397, 399, 400, 401, 402, 403, 407, 409, 411, 412, 413, 415, 425, 427, 443, 445, 461, 463, 473, 475, 476, 478, 479, 481, 482, 483, 484, 485, 487, 533, 571, 601, 636, 664, 699], "summary": {"covered_lines": 171, "num_statements": 249, "percent_covered": 64.04833836858006, "percent_covered_display": "64.05", "missing_lines": 78, "excluded_lines": 0, "num_branches": 82, "num_partial_branches": 11, "covered_branches": 41, "missing_branches": 41}, "missing_lines": [176, 180, 181, 184, 185, 197, 211, 212, 214, 220, 283, 326, 327, 328, 345, 346, 405, 499, 500, 502, 503, 505, 506, 507, 509, 510, 511, 513, 514, 515, 516, 518, 525, 526, 527, 529, 553, 556, 558, 559, 562, 564, 569, 584, 587, 588, 589, 592, 594, 597, 598, 599, 619, 622, 623, 626, 629, 631, 632, 634, 653, 656, 657, 660, 662, 686, 689, 690, 691, 694, 695, 697, 713, 716, 717, 718, 721, 723], "excluded_lines": [], "executed_branches": [[50, 51], [50, 55], [132, 134], [132, 137], [140, 141], [140, 147], [148, 149], [148, 170], [152, 153], [152, 157], [164, 165], [171, 172], [175, 177], [196, 199], [206, 208], [210, 222], [239, 240], [239, 245], [242, 243], [282, 287], [294, 295], [294, 299], [311, 312], [321, 322], [321, 333], [325, 330], [333, 334], [333, 337], [337, 338], [337, 341], [341, 342], [341, 355], [356, 357], [356, 379], [363, 365], [363, 381], [389, 390], [389, 395], [399, 400], [478, 479], [478, 481]], "missing_branches": [[164, 167], [171, 180], [175, 176], [180, 181], [180, 184], [196, 197], [206, 212], [210, 211], [212, 214], [212, 220], [242, 239], [282, 283], [311, 321], [325, 326], [399, 405], [499, 500], [499, 502], [502, 503], [502, 505], [506, 507], [506, 509], [513, 514], [513, 529], [515, 516], [515, 518], [525, 513], [525, 526], [556, 558], [556, 562], [587, 588], [587, 592], [597, 598], [597, 599], [622, 623], [622, 626], [656, 657], [656, 660], [689, 690], [689, 694], [716, 717], [716, 721]], "functions": {"RateLimiter.__init__": {"executed_lines": [33, 34, 35, 36, 37], "summary": {"covered_lines": 5, "num_statements": 5, "percent_covered": 100.0, "percent_covered_display": "100.00", "missing_lines": 0, "excluded_lines": 0, "num_branches": 0, "num_partial_branches": 0, "covered_branches": 0, "missing_branches": 0}, "missing_lines": [], "excluded_lines": [], "executed_branches": [], "missing_branches": []}, "RateLimiter.acquire": {"executed_lines": [41, 42, 43, 44, 48, 50, 51, 52, 53, 55], "summary": {"covered_lines": 10, "num_statements": 10, "percent_covered": 100.0, "percent_covered_display": "100.00", "missing_lines": 0, "excluded_lines": 0, "num_branches": 2, "num_partial_branches": 0, "covered_branches": 2, "missing_branches": 0}, "missing_lines": [], "excluded_lines": [], "executed_branches": [[50, 51], [50, 55]], "missing_branches": []}, "UniFiClient.__init__": {"executed_lines": [67, 68, 73, 81, 86, 87, 89], "summary": {"covered_lines": 7, "num_statements": 7, "percent_covered": 100.0, "percent_covered_display": "100.00", "missing_lines": 0, "excluded_lines": 0, "num_branches": 0, "num_partial_branches": 0, "covered_branches": 0, "missing_branches": 0}, "missing_lines": [], "excluded_lines": [], "executed_branches": [], "missing_branches": []}, "UniFiClient.__aenter__": {"executed_lines": [93], "summary": {"covered_lines": 1, "num_statements": 1, "percent_covered": 100.0, "percent_covered_display": "100.00", "missing_lines": 0, "excluded_lines": 0, "num_branches": 0, "num_partial_branches": 0, "covered_branches": 0, "missing_branches": 0}, "missing_lines": [], "excluded_lines": [], "executed_branches": [], "missing_branches": []}, "UniFiClient.__aexit__": {"executed_lines": [97], "summary": {"covered_lines": 1, "num_statements": 1, "percent_covered": 100.0, "percent_covered_display": "100.00", "missing_lines": 0, "excluded_lines": 0, "num_branches": 0, "num_partial_branches": 0, "covered_branches": 0, "missing_branches": 0}, "missing_lines": [], "excluded_lines": [], "executed_branches": [], "missing_branches": []}, "UniFiClient.close": {"executed_lines": [101], "summary": {"covered_lines": 1, "num_statements": 1, "percent_covered": 100.0, "percent_covered_display": "100.00", "missing_lines": 0, "excluded_lines": 0, "num_branches": 0, "num_partial_branches": 0, "covered_branches": 0, "missing_branches": 0}, "missing_lines": [], "excluded_lines": [], "executed_branches": [], "missing_branches": []}, "UniFiClient.is_authenticated": {"executed_lines": [110], "summary": {"covered_lines": 1, "num_statements": 1, "percent_covered": 100.0, "percent_covered_display": "100.00", "missing_lines": 0, "excluded_lines": 0, "num_branches": 0, "num_partial_branches": 0, "covered_branches": 0, "missing_branches": 0}, "missing_lines": [], "excluded_lines": [], "executed_branches": [], "missing_branches": []}, "UniFiClient._translate_endpoint": {"executed_lines": [132, 134, 137, 140, 141, 147, 148, 149, 151, 152, 153, 157, 163, 164, 165, 167, 170, 171, 172, 174, 175, 177], "summary": {"covered_lines": 22, "num_statements": 27, "percent_covered": 76.74418604651163, "percent_covered_display": "76.74", "missing_lines": 5, "excluded_lines": 0, "num_branches": 16, "num_partial_branches": 3, "covered_branches": 11, "missing_branches": 5}, "missing_lines": [176, 180, 181, 184, 185], "excluded_lines": [], "executed_branches": [[132, 134], [132, 137], [140, 141], [140, 147], [148, 149], [148, 170], [152, 153], [152, 157], [164, 165], [171, 172], [175, 177]], "missing_branches": [[164, 167], [171, 180], [175, 176], [180, 181], [180, 184]]}, "UniFiClient.authenticate": {"executed_lines": [193, 196, 199, 201, 206, 208, 210, 222, 225, 226, 227], "summary": {"covered_lines": 11, "num_statements": 16, "percent_covered": 58.333333333333336, "percent_covered_display": "58.33", "missing_lines": 5, "excluded_lines": 0, "num_branches": 8, "num_partial_branches": 3, "covered_branches": 3, "missing_branches": 5}, "missing_lines": [197, 211, 212, 214, 220], "excluded_lines": [], "executed_branches": [[196, 199], [206, 208], [210, 222]], "missing_branches": [[196, 197], [206, 212], [210, 211], [212, 214], [212, 220]]}, "UniFiClient._build_site_uuid_map": {"executed_lines": [238, 239, 240, 241, 242, 243, 245], "summary": {"covered_lines": 7, "num_statements": 7, "percent_covered": 90.9090909090909, "percent_covered_display": "90.91", "missing_lines": 0, "excluded_lines": 0, "num_branches": 4, "num_partial_branches": 1, "covered_branches": 3, "missing_branches": 1}, "missing_lines": [], "excluded_lines": [], "executed_branches": [[239, 240], [239, 245], [242, 243]], "missing_branches": [[242, 239]]}, "UniFiClient._request": {"executed_lines": [273, 275, 277, 279, 282, 287, 294, 295, 296, 299, 301, 308, 311, 312, 321, 322, 325, 330, 333, 334, 337, 338, 341, 342, 343, 344, 348, 355, 356, 357, 363, 365, 366, 371, 376, 379, 380, 381, 382, 384, 385, 387, 389, 390, 391, 392, 393, 395, 397, 399, 400, 401, 402, 403, 407, 409, 411, 412, 413], "summary": {"covered_lines": 59, "num_statements": 66, "percent_covered": 87.77777777777777, "percent_covered_display": "87.78", "missing_lines": 7, "excluded_lines": 0, "num_branches": 24, "num_partial_branches": 4, "covered_branches": 20, "missing_branches": 4}, "missing_lines": [283, 326, 327, 328, 345, 346, 405], "excluded_lines": [], "executed_branches": [[282, 287], [294, 295], [294, 299], [311, 312], [321, 322], [321, 333], [325, 330], [333, 334], [333, 337], [337, 338], [337, 341], [341, 342], [341, 355], [356, 357], [356, 379], [363, 365], [363, 381], [389, 390], [389, 395], [399, 400]], "missing_branches": [[282, 283], [311, 321], [325, 326], [399, 405]]}, "UniFiClient.get": {"executed_lines": [425], "summary": {"covered_lines": 1, "num_statements": 1, "percent_covered": 100.0, "percent_covered_display": "100.00", "missing_lines": 0, "excluded_lines": 0, "num_branches": 0, "num_partial_branches": 0, "covered_branches": 0, "missing_branches": 0}, "missing_lines": [], "excluded_lines": [], "executed_branches": [], "missing_branches": []}, "UniFiClient.post": {"executed_lines": [443], "summary": {"covered_lines": 1, "num_statements": 1, "percent_covered": 100.0, "percent_covered_display": "100.00", "missing_lines": 0, "excluded_lines": 0, "num_branches": 0, "num_partial_branches": 0, "covered_branches": 0, "missing_branches": 0}, "missing_lines": [], "excluded_lines": [], "executed_branches": [], "missing_branches": []}, "UniFiClient.put": {"executed_lines": [461], "summary": {"covered_lines": 1, "num_statements": 1, "percent_covered": 100.0, "percent_covered_display": "100.00", "missing_lines": 0, "excluded_lines": 0, "num_branches": 0, "num_partial_branches": 0, "covered_branches": 0, "missing_branches": 0}, "missing_lines": [], "excluded_lines": [], "executed_branches": [], "missing_branches": []}, "UniFiClient.delete": {"executed_lines": [473], "summary": {"covered_lines": 1, "num_statements": 1, "percent_covered": 100.0, "percent_covered_display": "100.00", "missing_lines": 0, "excluded_lines": 0, "num_branches": 0, "num_partial_branches": 0, "covered_branches": 0, "missing_branches": 0}, "missing_lines": [], "excluded_lines": [], "executed_branches": [], "missing_branches": []}, "UniFiClient._looks_like_uuid": {"executed_lines": [478, 479, 481, 482, 483, 484, 485], "summary": {"covered_lines": 7, "num_statements": 7, "percent_covered": 100.0, "percent_covered_display": "100.00", "missing_lines": 0, "excluded_lines": 0, "num_branches": 2, "num_partial_branches": 0, "covered_branches": 2, "missing_branches": 0}, "missing_lines": [], "excluded_lines": [], "executed_branches": [[478, 479], [478, 481]], "missing_branches": []}, "UniFiClient.resolve_site_id": {"executed_lines": [], "summary": {"covered_lines": 0, "num_statements": 19, "percent_covered": 0.0, "percent_covered_display": "0.00", "missing_lines": 19, "excluded_lines": 0, "num_branches": 12, "num_partial_branches": 0, "covered_branches": 0, "missing_branches": 12}, "missing_lines": [499, 500, 502, 503, 505, 506, 507, 509, 510, 511, 513, 514, 515, 516, 518, 525, 526, 527, 529], "excluded_lines": [], "executed_branches": [], "missing_branches": [[499, 500], [499, 502], [502, 503], [502, 505], [506, 507], [506, 509], [513, 514], [513, 529], [515, 516], [515, 518], [525, 513], [525, 526]]}, "UniFiClient.trigger_backup": {"executed_lines": [], "summary": {"covered_lines": 0, "num_statements": 7, "percent_covered": 0.0, "percent_covered_display": "0.00", "missing_lines": 7, "excluded_lines": 0, "num_branches": 2, "num_partial_branches": 0, "covered_branches": 0, "missing_branches": 2}, "missing_lines": [553, 556, 558, 559, 562, 564, 569], "excluded_lines": [], "executed_branches": [], "missing_branches": [[556, 558], [556, 562]]}, "UniFiClient.list_backups": {"executed_lines": [], "summary": {"covered_lines": 0, "num_statements": 9, "percent_covered": 0.0, "percent_covered_display": "0.00", "missing_lines": 9, "excluded_lines": 0, "num_branches": 4, "num_partial_branches": 0, "covered_branches": 0, "missing_branches": 4}, "missing_lines": [584, 587, 588, 589, 592, 594, 597, 598, 599], "excluded_lines": [], "executed_branches": [], "missing_branches": [[587, 588], [587, 592], [597, 598], [597, 599]]}, "UniFiClient.download_backup": {"executed_lines": [], "summary": {"covered_lines": 0, "num_statements": 8, "percent_covered": 0.0, "percent_covered_display": "0.00", "missing_lines": 8, "excluded_lines": 0, "num_branches": 2, "num_partial_branches": 0, "covered_branches": 0, "missing_branches": 2}, "missing_lines": [619, 622, 623, 626, 629, 631, 632, 634], "excluded_lines": [], "executed_branches": [], "missing_branches": [[622, 623], [622, 626]]}, "UniFiClient.delete_backup": {"executed_lines": [], "summary": {"covered_lines": 0, "num_statements": 5, "percent_covered": 0.0, "percent_covered_display": "0.00", "missing_lines": 5, "excluded_lines": 0, "num_branches": 2, "num_partial_branches": 0, "covered_branches": 0, "missing_branches": 2}, "missing_lines": [653, 656, 657, 660, 662], "excluded_lines": [], "executed_branches": [], "missing_branches": [[656, 657], [656, 660]]}, "UniFiClient.restore_backup": {"executed_lines": [], "summary": {"covered_lines": 0, "num_statements": 7, "percent_covered": 0.0, "percent_covered_display": "0.00", "missing_lines": 7, "excluded_lines": 0, "num_branches": 2, "num_partial_branches": 0, "covered_branches": 0, "missing_branches": 2}, "missing_lines": [686, 689, 690, 691, 694, 695, 697], "excluded_lines": [], "executed_branches": [], "missing_branches": [[689, 690], [689, 694]]}, "UniFiClient.get_backup_status": {"executed_lines": [], "summary": {"covered_lines": 0, "num_statements": 6, "percent_covered": 0.0, "percent_covered_display": "0.00", "missing_lines": 6, "excluded_lines": 0, "num_branches": 2, "num_partial_branches": 0, "covered_branches": 0, "missing_branches": 2}, "missing_lines": [713, 716, 717, 718, 721, 723], "excluded_lines": [], "executed_branches": [], "missing_branches": [[716, 717], [716, 721]]}, "": {"executed_lines": [1, 3, 4, 5, 6, 7, 9, 11, 12, 23, 24, 26, 39, 58, 59, 61, 91, 95, 99, 103, 104, 112, 187, 229, 247, 415, 427, 445, 463, 475, 476, 487, 533, 571, 601, 636, 664, 699], "summary": {"covered_lines": 35, "num_statements": 35, "percent_covered": 100.0, "percent_covered_display": "100.00", "missing_lines": 0, "excluded_lines": 0, "num_branches": 0, "num_partial_branches": 0, "covered_branches": 0, "missing_branches": 0}, "missing_lines": [], "excluded_lines": [], "executed_branches": [], "missing_branches": []}}, "classes": {"RateLimiter": {"executed_lines": [33, 34, 35, 36, 37, 41, 42, 43, 44, 48, 50, 51, 52, 53, 55], "summary": {"covered_lines": 15, "num_statements": 15, "percent_covered": 100.0, "percent_covered_display": "100.00", "missing_lines": 0, "excluded_lines": 0, "num_branches": 2, "num_partial_branches": 0, "covered_branches": 2, "missing_branches": 0}, "missing_lines": [], "excluded_lines": [], "executed_branches": [[50, 51], [50, 55]], "missing_branches": []}, "UniFiClient": {"executed_lines": [67, 68, 73, 81, 86, 87, 89, 93, 97, 101, 110, 132, 134, 137, 140, 141, 147, 148, 149, 151, 152, 153, 157, 163, 164, 165, 167, 170, 171, 172, 174, 175, 177, 193, 196, 199, 201, 206, 208, 210, 222, 225, 226, 227, 238, 239, 240, 241, 242, 243, 245, 273, 275, 277, 279, 282, 287, 294, 295, 296, 299, 301, 308, 311, 312, 321, 322, 325, 330, 333, 334, 337, 338, 341, 342, 343, 344, 348, 355, 356, 357, 363, 365, 366, 371, 376, 379, 380, 381, 382, 384, 385, 387, 389, 390, 391, 392, 393, 395, 397, 399, 400, 401, 402, 403, 407, 409, 411, 412, 413, 425, 443, 461, 473, 478, 479, 481, 482, 483, 484, 485], "summary": {"covered_lines": 121, "num_statements": 199, "percent_covered": 57.34767025089606, "percent_covered_display": "57.35", "missing_lines": 78, "excluded_lines": 0, "num_branches": 80, "num_partial_branches": 11, "covered_branches": 39, "missing_branches": 41}, "missing_lines": [176, 180, 181, 184, 185, 197, 211, 212, 214, 220, 283, 326, 327, 328, 345, 346, 405, 499, 500, 502, 503, 505, 506, 507, 509, 510, 511, 513, 514, 515, 516, 518, 525, 526, 527, 529, 553, 556, 558, 559, 562, 564, 569, 584, 587, 588, 589, 592, 594, 597, 598, 599, 619, 622, 623, 626, 629, 631, 632, 634, 653, 656, 657, 660, 662, 686, 689, 690, 691, 694, 695, 697, 713, 716, 717, 718, 721, 723], "excluded_lines": [], "executed_branches": [[132, 134], [132, 137], [140, 141], [140, 147], [148, 149], [148, 170], [152, 153], [152, 157], [164, 165], [171, 172], [175, 177], [196, 199], [206, 208], [210, 222], [239, 240], [239, 245], [242, 243], [282, 287], [294, 295], [294, 299], [311, 312], [321, 322], [321, 333], [325, 330], [333, 334], [333, 337], [337, 338], [337, 341], [341, 342], [341, 355], [356, 357], [356, 379], [363, 365], [363, 381], [389, 390], [389, 395], [399, 400], [478, 479], [478, 481]], "missing_branches": [[164, 167], [171, 180], [175, 176], [180, 181], [180, 184], [196, 197], [206, 212], [210, 211], [212, 214], [212, 220], [242, 239], [282, 283], [311, 321], [325, 326], [399, 405], [499, 500], [499, 502], [502, 503], [502, 505], [506, 507], [506, 509], [513, 514], [513, 529], [515, 516], [515, 518], [525, 513], [525, 526], [556, 558], [556, 562], [587, 588], [587, 592], [597, 598], [597, 599], [622, 623], [622, 626], [656, 657], [656, 660], [689, 690], [689, 694], [716, 717], [716, 721]]}, "": {"executed_lines": [1, 3, 4, 5, 6, 7, 9, 11, 12, 23, 24, 26, 39, 58, 59, 61, 91, 95, 99, 103, 104, 112, 187, 229, 247, 415, 427, 445, 463, 475, 476, 487, 533, 571, 601, 636, 664, 699], "summary": {"covered_lines": 35, "num_statements": 35, "percent_covered": 100.0, "percent_covered_display": "100.00", "missing_lines": 0, "excluded_lines": 0, "num_branches": 0, "num_partial_branches": 0, "covered_branches": 0, "missing_branches": 0}, "missing_lines": [], "excluded_lines": [], "executed_branches": [], "missing_branches": []}}}, "src/api/site_manager_client.py": {"executed_lines": [1, 3, 5, 7, 8, 10, 13, 14, 16, 38, 42, 46, 50, 51, 59, 77, 120, 140, 155, 170], "summary": {"covered_lines": 18, "num_statements": 70, "percent_covered": 20.454545454545453, "percent_covered_display": "20.45", "missing_lines": 52, "excluded_lines": 0, "num_branches": 18, "num_partial_branches": 0, "covered_branches": 0, "missing_branches": 18}, "missing_lines": [22, 23, 26, 29, 36, 40, 44, 48, 57, 65, 67, 68, 69, 70, 72, 73, 74, 75, 91, 92, 94, 96, 97, 99, 100, 102, 104, 105, 106, 107, 108, 110, 114, 115, 116, 117, 118, 132, 133, 134, 135, 136, 138, 149, 150, 151, 153, 164, 165, 166, 168, 176], "excluded_lines": [], "executed_branches": [], "missing_branches": [[68, 69], [68, 72], [91, 92], [91, 94], [96, 97], [96, 99], [105, 106], [105, 107], [107, 108], [107, 110], [133, 134], [133, 135], [135, 136], [135, 138], [150, 151], [150, 153], [165, 166], [165, 168]], "functions": {"SiteManagerClient.__init__": {"executed_lines": [], "summary": {"covered_lines": 0, "num_statements": 5, "percent_covered": 0.0, "percent_covered_display": "0.00", "missing_lines": 5, "excluded_lines": 0, "num_branches": 0, "num_partial_branches": 0, "covered_branches": 0, "missing_branches": 0}, "missing_lines": [22, 23, 26, 29, 36], "excluded_lines": [], "executed_branches": [], "missing_branches": []}, "SiteManagerClient.__aenter__": {"executed_lines": [], "summary": {"covered_lines": 0, "num_statements": 1, "percent_covered": 0.0, "percent_covered_display": "0.00", "missing_lines": 1, "excluded_lines": 0, "num_branches": 0, "num_partial_branches": 0, "covered_branches": 0, "missing_branches": 0}, "missing_lines": [40], "excluded_lines": [], "executed_branches": [], "missing_branches": []}, "SiteManagerClient.__aexit__": {"executed_lines": [], "summary": {"covered_lines": 0, "num_statements": 1, "percent_covered": 0.0, "percent_covered_display": "0.00", "missing_lines": 1, "excluded_lines": 0, "num_branches": 0, "num_partial_branches": 0, "covered_branches": 0, "missing_branches": 0}, "missing_lines": [44], "excluded_lines": [], "executed_branches": [], "missing_branches": []}, "SiteManagerClient.close": {"executed_lines": [], "summary": {"covered_lines": 0, "num_statements": 1, "percent_covered": 0.0, "percent_covered_display": "0.00", "missing_lines": 1, "excluded_lines": 0, "num_branches": 0, "num_partial_branches": 0, "covered_branches": 0, "missing_branches": 0}, "missing_lines": [48], "excluded_lines": [], "executed_branches": [], "missing_branches": []}, "SiteManagerClient.is_authenticated": {"executed_lines": [], "summary": {"covered_lines": 0, "num_statements": 1, "percent_covered": 0.0, "percent_covered_display": "0.00", "missing_lines": 1, "excluded_lines": 0, "num_branches": 0, "num_partial_branches": 0, "covered_branches": 0, "missing_branches": 0}, "missing_lines": [57], "excluded_lines": [], "executed_branches": [], "missing_branches": []}, "SiteManagerClient.authenticate": {"executed_lines": [], "summary": {"covered_lines": 0, "num_statements": 9, "percent_covered": 0.0, "percent_covered_display": "0.00", "missing_lines": 9, "excluded_lines": 0, "num_branches": 2, "num_partial_branches": 0, "covered_branches": 0, "missing_branches": 2}, "missing_lines": [65, 67, 68, 69, 70, 72, 73, 74, 75], "excluded_lines": [], "executed_branches": [], "missing_branches": [[68, 69], [68, 72]]}, "SiteManagerClient.get": {"executed_lines": [], "summary": {"covered_lines": 0, "num_statements": 19, "percent_covered": 0.0, "percent_covered_display": "0.00", "missing_lines": 19, "excluded_lines": 0, "num_branches": 8, "num_partial_branches": 0, "covered_branches": 0, "missing_branches": 8}, "missing_lines": [91, 92, 94, 96, 97, 99, 100, 102, 104, 105, 106, 107, 108, 110, 114, 115, 116, 117, 118], "excluded_lines": [], "executed_branches": [], "missing_branches": [[91, 92], [91, 94], [96, 97], [96, 99], [105, 106], [105, 107], [107, 108], [107, 110]]}, "SiteManagerClient.list_sites": {"executed_lines": [], "summary": {"covered_lines": 0, "num_statements": 6, "percent_covered": 0.0, "percent_covered_display": "0.00", "missing_lines": 6, "excluded_lines": 0, "num_branches": 4, "num_partial_branches": 0, "covered_branches": 0, "missing_branches": 4}, "missing_lines": [132, 133, 134, 135, 136, 138], "excluded_lines": [], "executed_branches": [], "missing_branches": [[133, 134], [133, 135], [135, 136], [135, 138]]}, "SiteManagerClient.get_site_health": {"executed_lines": [], "summary": {"covered_lines": 0, "num_statements": 4, "percent_covered": 0.0, "percent_covered_display": "0.00", "missing_lines": 4, "excluded_lines": 0, "num_branches": 2, "num_partial_branches": 0, "covered_branches": 0, "missing_branches": 2}, "missing_lines": [149, 150, 151, 153], "excluded_lines": [], "executed_branches": [], "missing_branches": [[150, 151], [150, 153]]}, "SiteManagerClient.get_internet_health": {"executed_lines": [], "summary": {"covered_lines": 0, "num_statements": 4, "percent_covered": 0.0, "percent_covered_display": "0.00", "missing_lines": 4, "excluded_lines": 0, "num_branches": 2, "num_partial_branches": 0, "covered_branches": 0, "missing_branches": 2}, "missing_lines": [164, 165, 166, 168], "excluded_lines": [], "executed_branches": [], "missing_branches": [[165, 166], [165, 168]]}, "SiteManagerClient.list_vantage_points": {"executed_lines": [], "summary": {"covered_lines": 0, "num_statements": 1, "percent_covered": 0.0, "percent_covered_display": "0.00", "missing_lines": 1, "excluded_lines": 0, "num_branches": 0, "num_partial_branches": 0, "covered_branches": 0, "missing_branches": 0}, "missing_lines": [176], "excluded_lines": [], "executed_branches": [], "missing_branches": []}, "": {"executed_lines": [1, 3, 5, 7, 8, 10, 13, 14, 16, 38, 42, 46, 50, 51, 59, 77, 120, 140, 155, 170], "summary": {"covered_lines": 18, "num_statements": 18, "percent_covered": 100.0, "percent_covered_display": "100.00", "missing_lines": 0, "excluded_lines": 0, "num_branches": 0, "num_partial_branches": 0, "covered_branches": 0, "missing_branches": 0}, "missing_lines": [], "excluded_lines": [], "executed_branches": [], "missing_branches": []}}, "classes": {"SiteManagerClient": {"executed_lines": [], "summary": {"covered_lines": 0, "num_statements": 52, "percent_covered": 0.0, "percent_covered_display": "0.00", "missing_lines": 52, "excluded_lines": 0, "num_branches": 18, "num_partial_branches": 0, "covered_branches": 0, "missing_branches": 18}, "missing_lines": [22, 23, 26, 29, 36, 40, 44, 48, 57, 65, 67, 68, 69, 70, 72, 73, 74, 75, 91, 92, 94, 96, 97, 99, 100, 102, 104, 105, 106, 107, 108, 110, 114, 115, 116, 117, 118, 132, 133, 134, 135, 136, 138, 149, 150, 151, 153, 164, 165, 166, 168, 176], "excluded_lines": [], "executed_branches": [], "missing_branches": [[68, 69], [68, 72], [91, 92], [91, 94], [96, 97], [96, 99], [105, 106], [105, 107], [107, 108], [107, 110], [133, 134], [133, 135], [135, 136], [135, 138], [150, 151], [150, 153], [165, 166], [165, 168]]}, "": {"executed_lines": [1, 3, 5, 7, 8, 10, 13, 14, 16, 38, 42, 46, 50, 51, 59, 77, 120, 140, 155, 170], "summary": {"covered_lines": 18, "num_statements": 18, "percent_covered": 100.0, "percent_covered_display": "100.00", "missing_lines": 0, "excluded_lines": 0, "num_branches": 0, "num_partial_branches": 0, "covered_branches": 0, "missing_branches": 0}, "missing_lines": [], "excluded_lines": [], "executed_branches": [], "missing_branches": []}}}, "src/cache.py": {"executed_lines": [1, 7, 8, 9, 10, 11, 13, 14, 15, 16, 18, 24, 25, 28, 29, 32, 33, 34, 35, 36, 37, 38, 39, 40, 41, 42, 44, 45, 54, 57, 58, 60, 73, 74, 75, 76, 77, 79, 80, 84, 86, 92, 93, 95, 96, 98, 100, 101, 102, 103, 105, 116, 117, 118, 119, 121, 122, 125, 126, 127, 128, 130, 132, 133, 134, 135, 139, 140, 142, 151, 152, 154, 155, 156, 157, 158, 160, 161, 166, 177, 178, 180, 181, 182, 183, 185, 186, 187, 192, 201, 202, 204, 205, 206, 207, 208, 213, 222, 225, 226, 227, 228, 230, 231, 232, 233, 234, 239, 245, 246, 248, 249, 250, 251, 256, 265, 268, 269, 274, 292, 294, 295, 297, 298, 301, 302, 303, 305, 308, 379, 443, 458, 459, 461, 462, 463, 465, 466, 468, 469, 470, 471, 474, 475, 476, 478, 479, 480, 483], "summary": {"covered_lines": 146, "num_statements": 243, "percent_covered": 60.063897763578275, "percent_covered_display": "60.06", "missing_lines": 97, "excluded_lines": 0, "num_branches": 70, "num_partial_branches": 4, "covered_branches": 42, "missing_branches": 28}, "missing_lines": [19, 20, 21, 22, 136, 137, 162, 163, 164, 188, 189, 190, 209, 210, 211, 223, 235, 236, 237, 252, 253, 254, 266, 270, 271, 272, 327, 328, 329, 331, 332, 333, 334, 335, 336, 337, 339, 341, 344, 345, 348, 349, 352, 354, 355, 356, 359, 360, 361, 362, 365, 368, 369, 370, 372, 374, 376, 388, 390, 391, 393, 394, 395, 397, 399, 400, 401, 404, 405, 406, 407, 408, 409, 410, 411, 412, 413, 414, 415, 418, 419, 420, 421, 423, 424, 425, 426, 427, 428, 429, 430, 432, 434, 435, 438, 440, 467], "excluded_lines": [], "executed_branches": [[79, -60], [79, 80], [92, 93], [92, 95], [95, 96], [95, 98], [132, -130], [132, 133], [151, 152], [151, 154], [156, 157], [156, 160], [177, 178], [177, 180], [182, 183], [182, 185], [201, 202], [201, 204], [206, 207], [206, 208], [222, 225], [227, 228], [227, 230], [230, 231], [230, 234], [245, 246], [245, 248], [265, 268], [294, 295], [294, 297], [297, 298], [297, 301], [301, 302], [301, 305], [302, 303], [461, 462], [461, 465], [466, 468], [468, 469], [468, 470], [470, 471], [470, 474]], "missing_branches": [[222, 223], [265, 266], [302, 301], [332, 333], [332, 336], [333, 332], [333, 334], [336, 337], [336, 339], [339, 341], [339, 344], [348, 349], [348, 352], [354, 355], [354, 356], [360, 361], [360, 365], [393, 394], [393, 397], [407, 408], [407, 413], [409, 407], [409, 410], [418, 419], [418, 432], [420, 421], [420, 423], [466, 467]], "functions": {"CacheConfig.get_ttl": {"executed_lines": [54], "summary": {"covered_lines": 1, "num_statements": 1, "percent_covered": 100.0, "percent_covered_display": "100.00", "missing_lines": 0, "excluded_lines": 0, "num_branches": 0, "num_partial_branches": 0, "covered_branches": 0, "missing_branches": 0}, "missing_lines": [], "excluded_lines": [], "executed_branches": [], "missing_branches": []}, "CacheClient.__init__": {"executed_lines": [73, 74, 75, 76, 77, 79, 80, 84], "summary": {"covered_lines": 8, "num_statements": 8, "percent_covered": 100.0, "percent_covered_display": "100.00", "missing_lines": 0, "excluded_lines": 0, "num_branches": 2, "num_partial_branches": 0, "covered_branches": 2, "missing_branches": 0}, "missing_lines": [], "excluded_lines": [], "executed_branches": [[79, -60], [79, 80]], "missing_branches": []}, "CacheClient.connect": {"executed_lines": [92, 93, 95, 96, 98, 100, 101, 102, 103, 105, 116, 117, 118, 119, 121, 122, 125, 126, 127, 128], "summary": {"covered_lines": 20, "num_statements": 20, "percent_covered": 100.0, "percent_covered_display": "100.00", "missing_lines": 0, "excluded_lines": 0, "num_branches": 4, "num_partial_branches": 0, "covered_branches": 4, "missing_branches": 0}, "missing_lines": [], "excluded_lines": [], "executed_branches": [[92, 93], [92, 95], [95, 96], [95, 98]], "missing_branches": []}, "CacheClient.disconnect": {"executed_lines": [132, 133, 134, 135, 139, 140], "summary": {"covered_lines": 6, "num_statements": 8, "percent_covered": 80.0, "percent_covered_display": "80.00", "missing_lines": 2, "excluded_lines": 0, "num_branches": 2, "num_partial_branches": 0, "covered_branches": 2, "missing_branches": 0}, "missing_lines": [136, 137], "excluded_lines": [], "executed_branches": [[132, -130], [132, 133]], "missing_branches": []}, "CacheClient.get": {"executed_lines": [151, 152, 154, 155, 156, 157, 158, 160, 161], "summary": {"covered_lines": 9, "num_statements": 12, "percent_covered": 81.25, "percent_covered_display": "81.25", "missing_lines": 3, "excluded_lines": 0, "num_branches": 4, "num_partial_branches": 0, "covered_branches": 4, "missing_branches": 0}, "missing_lines": [162, 163, 164], "excluded_lines": [], "executed_branches": [[151, 152], [151, 154], [156, 157], [156, 160]], "missing_branches": []}, "CacheClient.set": {"executed_lines": [177, 178, 180, 181, 182, 183, 185, 186, 187], "summary": {"covered_lines": 9, "num_statements": 12, "percent_covered": 81.25, "percent_covered_display": "81.25", "missing_lines": 3, "excluded_lines": 0, "num_branches": 4, "num_partial_branches": 0, "covered_branches": 4, "missing_branches": 0}, "missing_lines": [188, 189, 190], "excluded_lines": [], "executed_branches": [[177, 178], [177, 180], [182, 183], [182, 185]], "missing_branches": []}, "CacheClient.delete": {"executed_lines": [201, 202, 204, 205, 206, 207, 208], "summary": {"covered_lines": 7, "num_statements": 10, "percent_covered": 78.57142857142857, "percent_covered_display": "78.57", "missing_lines": 3, "excluded_lines": 0, "num_branches": 4, "num_partial_branches": 0, "covered_branches": 4, "missing_branches": 0}, "missing_lines": [209, 210, 211], "excluded_lines": [], "executed_branches": [[201, 202], [201, 204], [206, 207], [206, 208]], "missing_branches": []}, "CacheClient.delete_pattern": {"executed_lines": [222, 225, 226, 227, 228, 230, 231, 232, 233, 234], "summary": {"covered_lines": 10, "num_statements": 14, "percent_covered": 75.0, "percent_covered_display": "75.00", "missing_lines": 4, "excluded_lines": 0, "num_branches": 6, "num_partial_branches": 1, "covered_branches": 5, "missing_branches": 1}, "missing_lines": [223, 235, 236, 237], "excluded_lines": [], "executed_branches": [[222, 225], [227, 228], [227, 230], [230, 231], [230, 234]], "missing_branches": [[222, 223]]}, "CacheClient.clear": {"executed_lines": [245, 246, 248, 249, 250, 251], "summary": {"covered_lines": 6, "num_statements": 9, "percent_covered": 72.72727272727273, "percent_covered_display": "72.73", "missing_lines": 3, "excluded_lines": 0, "num_branches": 2, "num_partial_branches": 0, "covered_branches": 2, "missing_branches": 0}, "missing_lines": [252, 253, 254], "excluded_lines": [], "executed_branches": [[245, 246], [245, 248]], "missing_branches": []}, "CacheClient.exists": {"executed_lines": [265, 268, 269], "summary": {"covered_lines": 3, "num_statements": 7, "percent_covered": 44.44444444444444, "percent_covered_display": "44.44", "missing_lines": 4, "excluded_lines": 0, "num_branches": 2, "num_partial_branches": 1, "covered_branches": 1, "missing_branches": 1}, "missing_lines": [266, 270, 271, 272], "excluded_lines": [], "executed_branches": [[265, 268]], "missing_branches": [[265, 266]]}, "CacheClient.build_key": {"executed_lines": [292, 294, 295, 297, 298, 301, 302, 303, 305], "summary": {"covered_lines": 9, "num_statements": 9, "percent_covered": 94.11764705882354, "percent_covered_display": "94.12", "missing_lines": 0, "excluded_lines": 0, "num_branches": 8, "num_partial_branches": 1, "covered_branches": 7, "missing_branches": 1}, "missing_lines": [], "excluded_lines": [], "executed_branches": [[294, 295], [294, 297], [297, 298], [297, 301], [301, 302], [301, 305], [302, 303]], "missing_branches": [[302, 301]]}, "cached": {"executed_lines": [], "summary": {"covered_lines": 0, "num_statements": 3, "percent_covered": 0.0, "percent_covered_display": "0.00", "missing_lines": 3, "excluded_lines": 0, "num_branches": 0, "num_partial_branches": 0, "covered_branches": 0, "missing_branches": 0}, "missing_lines": [327, 328, 376], "excluded_lines": [], "executed_branches": [], "missing_branches": []}, "cached.decorator": {"executed_lines": [], "summary": {"covered_lines": 0, "num_statements": 2, "percent_covered": 0.0, "percent_covered_display": "0.00", "missing_lines": 2, "excluded_lines": 0, "num_branches": 0, "num_partial_branches": 0, "covered_branches": 0, "missing_branches": 0}, "missing_lines": [329, 374], "excluded_lines": [], "executed_branches": [], "missing_branches": []}, "cached.decorator.wrapper": {"executed_lines": [], "summary": {"covered_lines": 0, "num_statements": 26, "percent_covered": 0.0, "percent_covered_display": "0.00", "missing_lines": 26, "excluded_lines": 0, "num_branches": 14, "num_partial_branches": 0, "covered_branches": 0, "missing_branches": 14}, "missing_lines": [331, 332, 333, 334, 335, 336, 337, 339, 341, 344, 345, 348, 349, 352, 354, 355, 356, 359, 360, 361, 362, 365, 368, 369, 370, 372], "excluded_lines": [], "executed_branches": [], "missing_branches": [[332, 333], [332, 336], [333, 332], [333, 334], [336, 337], [336, 339], [339, 341], [339, 344], [348, 349], [348, 352], [354, 355], [354, 356], [360, 361], [360, 365]]}, "warm_cache": {"executed_lines": [], "summary": {"covered_lines": 0, "num_statements": 39, "percent_covered": 0.0, "percent_covered_display": "0.00", "missing_lines": 39, "excluded_lines": 0, "num_branches": 10, "num_partial_branches": 0, "covered_branches": 0, "missing_branches": 10}, "missing_lines": [388, 390, 391, 393, 394, 395, 397, 399, 400, 401, 404, 405, 406, 407, 408, 409, 410, 411, 412, 413, 414, 415, 418, 419, 420, 421, 423, 424, 425, 426, 427, 428, 429, 430, 432, 434, 435, 438, 440], "excluded_lines": [], "executed_branches": [], "missing_branches": [[393, 394], [393, 397], [407, 408], [407, 413], [409, 407], [409, 410], [418, 419], [418, 432], [420, 421], [420, 423]]}, "invalidate_cache": {"executed_lines": [458, 459, 461, 462, 463, 465, 466, 468, 469, 470, 471, 474, 475, 476, 478, 479, 480, 483], "summary": {"covered_lines": 18, "num_statements": 19, "percent_covered": 92.5925925925926, "percent_covered_display": "92.59", "missing_lines": 1, "excluded_lines": 0, "num_branches": 8, "num_partial_branches": 1, "covered_branches": 7, "missing_branches": 1}, "missing_lines": [467], "excluded_lines": [], "executed_branches": [[461, 462], [461, 465], [466, 468], [468, 469], [468, 470], [470, 471], [470, 474]], "missing_branches": [[466, 467]]}, "": {"executed_lines": [1, 7, 8, 9, 10, 11, 13, 14, 15, 16, 18, 24, 25, 28, 29, 32, 33, 34, 35, 36, 37, 38, 39, 40, 41, 42, 44, 45, 57, 58, 60, 86, 130, 142, 166, 192, 213, 239, 256, 274, 308, 379, 443], "summary": {"covered_lines": 40, "num_statements": 44, "percent_covered": 90.9090909090909, "percent_covered_display": "90.91", "missing_lines": 4, "excluded_lines": 0, "num_branches": 0, "num_partial_branches": 0, "covered_branches": 0, "missing_branches": 0}, "missing_lines": [19, 20, 21, 22], "excluded_lines": [], "executed_branches": [], "missing_branches": []}}, "classes": {"CacheConfig": {"executed_lines": [54], "summary": {"covered_lines": 1, "num_statements": 1, "percent_covered": 100.0, "percent_covered_display": "100.00", "missing_lines": 0, "excluded_lines": 0, "num_branches": 0, "num_partial_branches": 0, "covered_branches": 0, "missing_branches": 0}, "missing_lines": [], "excluded_lines": [], "executed_branches": [], "missing_branches": []}, "CacheClient": {"executed_lines": [73, 74, 75, 76, 77, 79, 80, 84, 92, 93, 95, 96, 98, 100, 101, 102, 103, 105, 116, 117, 118, 119, 121, 122, 125, 126, 127, 128, 132, 133, 134, 135, 139, 140, 151, 152, 154, 155, 156, 157, 158, 160, 161, 177, 178, 180, 181, 182, 183, 185, 186, 187, 201, 202, 204, 205, 206, 207, 208, 222, 225, 226, 227, 228, 230, 231, 232, 233, 234, 245, 246, 248, 249, 250, 251, 265, 268, 269, 292, 294, 295, 297, 298, 301, 302, 303, 305], "summary": {"covered_lines": 87, "num_statements": 109, "percent_covered": 82.99319727891157, "percent_covered_display": "82.99", "missing_lines": 22, "excluded_lines": 0, "num_branches": 38, "num_partial_branches": 3, "covered_branches": 35, "missing_branches": 3}, "missing_lines": [136, 137, 162, 163, 164, 188, 189, 190, 209, 210, 211, 223, 235, 236, 237, 252, 253, 254, 266, 270, 271, 272], "excluded_lines": [], "executed_branches": [[79, -60], [79, 80], [92, 93], [92, 95], [95, 96], [95, 98], [132, -130], [132, 133], [151, 152], [151, 154], [156, 157], [156, 160], [177, 178], [177, 180], [182, 183], [182, 185], [201, 202], [201, 204], [206, 207], [206, 208], [222, 225], [227, 228], [227, 230], [230, 231], [230, 234], [245, 246], [245, 248], [265, 268], [294, 295], [294, 297], [297, 298], [297, 301], [301, 302], [301, 305], [302, 303]], "missing_branches": [[222, 223], [265, 266], [302, 301]]}, "": {"executed_lines": [1, 7, 8, 9, 10, 11, 13, 14, 15, 16, 18, 24, 25, 28, 29, 32, 33, 34, 35, 36, 37, 38, 39, 40, 41, 42, 44, 45, 57, 58, 60, 86, 130, 142, 166, 192, 213, 239, 256, 274, 308, 379, 443, 458, 459, 461, 462, 463, 465, 466, 468, 469, 470, 471, 474, 475, 476, 478, 479, 480, 483], "summary": {"covered_lines": 58, "num_statements": 133, "percent_covered": 39.39393939393939, "percent_covered_display": "39.39", "missing_lines": 75, "excluded_lines": 0, "num_branches": 32, "num_partial_branches": 1, "covered_branches": 7, "missing_branches": 25}, "missing_lines": [19, 20, 21, 22, 327, 328, 329, 331, 332, 333, 334, 335, 336, 337, 339, 341, 344, 345, 348, 349, 352, 354, 355, 356, 359, 360, 361, 362, 365, 368, 369, 370, 372, 374, 376, 388, 390, 391, 393, 394, 395, 397, 399, 400, 401, 404, 405, 406, 407, 408, 409, 410, 411, 412, 413, 414, 415, 418, 419, 420, 421, 423, 424, 425, 426, 427, 428, 429, 430, 432, 434, 435, 438, 440, 467], "excluded_lines": [], "executed_branches": [[461, 462], [461, 465], [466, 468], [468, 469], [468, 470], [470, 471], [470, 474]], "missing_branches": [[332, 333], [332, 336], [333, 332], [333, 334], [336, 337], [336, 339], [339, 341], [339, 344], [348, 349], [348, 352], [354, 355], [354, 356], [360, 361], [360, 365], [393, 394], [393, 397], [407, 408], [407, 413], [409, 407], [409, 410], [418, 419], [418, 432], [420, 421], [420, 423], [466, 467]]}}}, "src/config/config.py": {"executed_lines": [1, 3, 4, 6, 7, 10, 11, 13, 14, 15, 18, 21, 22, 24, 32, 38, 45, 52, 58, 64, 71, 78, 85, 91, 98, 104, 111, 118, 124, 131, 137, 144, 150, 151, 152, 161, 162, 163, 165, 166, 167, 179, 180, 181, 183, 184, 193, 194, 195, 197, 198, 204, 205, 209, 211, 212, 218, 219, 220, 222, 242, 244, 245, 246, 247, 250, 252, 273, 275, 278, 279, 280, 283, 285, 304, 305, 309, 311, 317], "summary": {"covered_lines": 75, "num_statements": 75, "percent_covered": 100.0, "percent_covered_display": "100.00", "missing_lines": 0, "excluded_lines": 1, "num_branches": 18, "num_partial_branches": 0, "covered_branches": 18, "missing_branches": 0}, "missing_lines": [], "excluded_lines": [305], "executed_branches": [[161, 162], [161, 163], [179, 180], [179, 181], [193, 194], [193, 195], [204, 205], [204, 209], [218, 219], [218, 220], [244, 245], [244, 246], [246, 247], [246, 250], [275, 278], [275, 279], [279, 280], [279, 283]], "missing_branches": [], "functions": {"Settings.validate_api_type": {"executed_lines": [161, 162, 163], "summary": {"covered_lines": 3, "num_statements": 3, "percent_covered": 100.0, "percent_covered_display": "100.00", "missing_lines": 0, "excluded_lines": 0, "num_branches": 2, "num_partial_branches": 0, "covered_branches": 2, "missing_branches": 0}, "missing_lines": [], "excluded_lines": [], "executed_branches": [[161, 162], [161, 163]], "missing_branches": []}, "Settings.validate_port": {"executed_lines": [179, 180, 181], "summary": {"covered_lines": 3, "num_statements": 3, "percent_covered": 100.0, "percent_covered_display": "100.00", "missing_lines": 0, "excluded_lines": 0, "num_branches": 2, "num_partial_branches": 0, "covered_branches": 2, "missing_branches": 0}, "missing_lines": [], "excluded_lines": [], "executed_branches": [[179, 180], [179, 181]], "missing_branches": []}, "Settings.validate_local_configuration": {"executed_lines": [193, 194, 195], "summary": {"covered_lines": 3, "num_statements": 3, "percent_covered": 100.0, "percent_covered_display": "100.00", "missing_lines": 0, "excluded_lines": 0, "num_branches": 2, "num_partial_branches": 0, "covered_branches": 2, "missing_branches": 0}, "missing_lines": [], "excluded_lines": [], "executed_branches": [[193, 194], [193, 195]], "missing_branches": []}, "Settings.base_url": {"executed_lines": [204, 205, 209], "summary": {"covered_lines": 3, "num_statements": 3, "percent_covered": 100.0, "percent_covered_display": "100.00", "missing_lines": 0, "excluded_lines": 0, "num_branches": 2, "num_partial_branches": 0, "covered_branches": 2, "missing_branches": 0}, "missing_lines": [], "excluded_lines": [], "executed_branches": [[204, 205], [204, 209]], "missing_branches": []}, "Settings.verify_ssl": {"executed_lines": [218, 219, 220], "summary": {"covered_lines": 3, "num_statements": 3, "percent_covered": 100.0, "percent_covered_display": "100.00", "missing_lines": 0, "excluded_lines": 0, "num_branches": 2, "num_partial_branches": 0, "covered_branches": 2, "missing_branches": 0}, "missing_lines": [], "excluded_lines": [], "executed_branches": [[218, 219], [218, 220]], "missing_branches": []}, "Settings.get_integration_path": {"executed_lines": [242, 244, 245, 246, 247, 250], "summary": {"covered_lines": 6, "num_statements": 6, "percent_covered": 100.0, "percent_covered_display": "100.00", "missing_lines": 0, "excluded_lines": 0, "num_branches": 4, "num_partial_branches": 0, "covered_branches": 4, "missing_branches": 0}, "missing_lines": [], "excluded_lines": [], "executed_branches": [[244, 245], [244, 246], [246, 247], [246, 250]], "missing_branches": []}, "Settings.get_site_api_path": {"executed_lines": [273, 275, 278, 279, 280, 283], "summary": {"covered_lines": 6, "num_statements": 6, "percent_covered": 100.0, "percent_covered_display": "100.00", "missing_lines": 0, "excluded_lines": 0, "num_branches": 4, "num_partial_branches": 0, "covered_branches": 4, "missing_branches": 0}, "missing_lines": [], "excluded_lines": [], "executed_branches": [[275, 278], [275, 279], [279, 280], [279, 283]], "missing_branches": []}, "Settings.get_v2_api_path": {"executed_lines": [304, 305, 309], "summary": {"covered_lines": 2, "num_statements": 2, "percent_covered": 100.0, "percent_covered_display": "100.00", "missing_lines": 0, "excluded_lines": 1, "num_branches": 0, "num_partial_branches": 0, "covered_branches": 0, "missing_branches": 0}, "missing_lines": [], "excluded_lines": [305], "executed_branches": [], "missing_branches": []}, "Settings.get_headers": {"executed_lines": [317], "summary": {"covered_lines": 1, "num_statements": 1, "percent_covered": 100.0, "percent_covered_display": "100.00", "missing_lines": 0, "excluded_lines": 0, "num_branches": 0, "num_partial_branches": 0, "covered_branches": 0, "missing_branches": 0}, "missing_lines": [], "excluded_lines": [], "executed_branches": [], "missing_branches": []}, "": {"executed_lines": [1, 3, 4, 6, 7, 10, 11, 13, 14, 15, 18, 21, 22, 24, 32, 38, 45, 52, 58, 64, 71, 78, 85, 91, 98, 104, 111, 118, 124, 131, 137, 144, 150, 151, 152, 165, 166, 167, 183, 184, 197, 198, 211, 212, 222, 252, 285, 311], "summary": {"covered_lines": 45, "num_statements": 45, "percent_covered": 100.0, "percent_covered_display": "100.00", "missing_lines": 0, "excluded_lines": 0, "num_branches": 0, "num_partial_branches": 0, "covered_branches": 0, "missing_branches": 0}, "missing_lines": [], "excluded_lines": [], "executed_branches": [], "missing_branches": []}}, "classes": {"APIType": {"executed_lines": [], "summary": {"covered_lines": 0, "num_statements": 0, "percent_covered": 100.0, "percent_covered_display": "100.00", "missing_lines": 0, "excluded_lines": 0, "num_branches": 0, "num_partial_branches": 0, "covered_branches": 0, "missing_branches": 0}, "missing_lines": [], "excluded_lines": [], "executed_branches": [], "missing_branches": []}, "Settings": {"executed_lines": [161, 162, 163, 179, 180, 181, 193, 194, 195, 204, 205, 209, 218, 219, 220, 242, 244, 245, 246, 247, 250, 273, 275, 278, 279, 280, 283, 304, 305, 309, 317], "summary": {"covered_lines": 30, "num_statements": 30, "percent_covered": 100.0, "percent_covered_display": "100.00", "missing_lines": 0, "excluded_lines": 1, "num_branches": 18, "num_partial_branches": 0, "covered_branches": 18, "missing_branches": 0}, "missing_lines": [], "excluded_lines": [305], "executed_branches": [[161, 162], [161, 163], [179, 180], [179, 181], [193, 194], [193, 195], [204, 205], [204, 209], [218, 219], [218, 220], [244, 245], [244, 246], [246, 247], [246, 250], [275, 278], [275, 279], [279, 280], [279, 283]], "missing_branches": []}, "": {"executed_lines": [1, 3, 4, 6, 7, 10, 11, 13, 14, 15, 18, 21, 22, 24, 32, 38, 45, 52, 58, 64, 71, 78, 85, 91, 98, 104, 111, 118, 124, 131, 137, 144, 150, 151, 152, 165, 166, 167, 183, 184, 197, 198, 211, 212, 222, 252, 285, 311], "summary": {"covered_lines": 45, "num_statements": 45, "percent_covered": 100.0, "percent_covered_display": "100.00", "missing_lines": 0, "excluded_lines": 0, "num_branches": 0, "num_partial_branches": 0, "covered_branches": 0, "missing_branches": 0}, "missing_lines": [], "excluded_lines": [], "executed_branches": [], "missing_branches": []}}}, "src/main.py": {"executed_lines": [], "summary": {"covered_lines": 0, "num_statements": 512, "percent_covered": 0.0, "percent_covered_display": "0.00", "missing_lines": 512, "excluded_lines": 2, "num_branches": 10, "num_partial_branches": 0, "covered_branches": 0, "missing_branches": 10}, "missing_lines": [3, 5, 6, 7, 9, 10, 11, 12, 13, 14, 15, 16, 17, 18, 19, 20, 21, 22, 23, 24, 25, 26, 27, 28, 29, 30, 31, 32, 33, 34, 35, 36, 37, 38, 39, 42, 43, 46, 49, 50, 51, 52, 54, 59, 65, 74, 77, 78, 80, 83, 84, 85, 86, 87, 91, 92, 98, 106, 108, 109, 119, 121, 122, 123, 124, 125, 126, 128, 132, 133, 139, 140, 143, 144, 153, 154, 157, 158, 167, 168, 171, 172, 181, 182, 188, 189, 191, 194, 195, 197, 200, 201, 203, 206, 207, 209, 213, 214, 216, 219, 220, 222, 225, 226, 228, 231, 232, 234, 238, 239, 241, 244, 245, 247, 250, 251, 253, 256, 257, 259, 263, 264, 266, 269, 270, 272, 275, 276, 278, 282, 283, 285, 288, 289, 302, 317, 318, 332, 348, 349, 353, 357, 358, 377, 382, 383, 392, 395, 396, 406, 409, 410, 427, 432, 433, 453, 456, 457, 484, 489, 490, 503, 506, 507, 519, 522, 523, 535, 538, 539, 574, 591, 592, 604, 608, 609, 625, 643, 644, 661, 680, 681, 685, 691, 692, 696, 701, 702, 710, 715, 716, 724, 730, 731, 735, 738, 739, 743, 746, 747, 751, 755, 756, 760, 763, 764, 779, 796, 797, 813, 831, 832, 836, 839, 840, 842, 846, 847, 851, 854, 855, 869, 885, 886, 890, 894, 895, 897, 900, 901, 905, 908, 909, 917, 921, 922, 924, 928, 929, 933, 936, 937, 945, 948, 949, 959, 965, 966, 976, 988, 989, 998, 1004, 1005, 1012, 1015, 1016, 1018, 1021, 1022, 1035, 1050, 1051, 1055, 1058, 1059, 1063, 1069, 1070, 1072, 1075, 1076, 1078, 1081, 1082, 1097, 1114, 1115, 1131, 1149, 1150, 1154, 1158, 1159, 1161, 1164, 1165, 1176, 1181, 1182, 1186, 1190, 1191, 1193, 1196, 1197, 1211, 1228, 1229, 1231, 1234, 1235, 1249, 1265, 1266, 1270, 1276, 1277, 1279, 1282, 1283, 1292, 1297, 1298, 1308, 1314, 1315, 1321, 1324, 1325, 1327, 1330, 1331, 1354, 1379, 1380, 1396, 1414, 1415, 1417, 1421, 1422, 1424, 1427, 1428, 1441, 1456, 1457, 1459, 1463, 1464, 1466, 1469, 1470, 1481, 1494, 1495, 1497, 1501, 1502, 1508, 1511, 1512, 1531, 1552, 1553, 1565, 1579, 1580, 1582, 1586, 1587, 1594, 1597, 1598, 1600, 1603, 1604, 1624, 1646, 1647, 1668, 1691, 1692, 1696, 1700, 1701, 1703, 1707, 1708, 1710, 1713, 1714, 1720, 1723, 1724, 1729, 1749, 1750, 1758, 1763, 1764, 1766, 1769, 1770, 1777, 1782, 1783, 1791, 1808, 1809, 1820, 1833, 1834, 1836, 1839, 1840, 1842, 1845, 1846, 1853, 1856, 1857, 1863, 1866, 1867, 1873, 1876, 1877, 1884, 1890, 1891, 1897, 1900, 1901, 1903, 1906, 1907, 1916, 1921, 1922, 1932, 1937, 1938, 1945, 1951, 1952, 1969, 1972, 1973, 1989, 1992, 1993, 2009, 2012, 2013, 2029, 2032, 2033, 2048, 2052, 2053, 2059, 2062, 2063, 2069, 2072, 2073, 2075, 2078, 2079, 2081, 2084, 2085, 2097, 2112, 2113, 2119, 2123, 2124, 2126, 2129, 2130, 2132, 2135, 2136, 2138, 2141, 2142, 2144, 2147, 2148, 2150, 2153, 2154, 2156, 2159, 2160, 2162, 2165, 2166, 2168, 2176, 2177, 2186, 2187, 2189, 2192, 2193, 2199, 2202, 2203, 2209, 2212, 2213, 2219, 2222, 2224, 2225, 2226, 2227, 2230], "excluded_lines": [2233, 2234], "executed_branches": [], "missing_branches": [[49, 50], [49, 83], [51, 52], [51, 80], [106, 108], [106, 132], [123, 124], [123, 125], [125, 126], [125, 128]], "functions": {"health_check": {"executed_lines": [], "summary": {"covered_lines": 0, "num_statements": 1, "percent_covered": 0.0, "percent_covered_display": "0.00", "missing_lines": 1, "excluded_lines": 0, "num_branches": 0, "num_partial_branches": 0, "covered_branches": 0, "missing_branches": 0}, "missing_lines": [98], "excluded_lines": [], "executed_branches": [], "missing_branches": []}, "debug_api_request": {"executed_lines": [], "summary": {"covered_lines": 0, "num_statements": 8, "percent_covered": 0.0, "percent_covered_display": "0.00", "missing_lines": 8, "excluded_lines": 0, "num_branches": 4, "num_partial_branches": 0, "covered_branches": 0, "missing_branches": 4}, "missing_lines": [119, 121, 122, 123, 124, 125, 126, 128], "excluded_lines": [], "executed_branches": [], "missing_branches": [[123, 124], [123, 125], [125, 126], [125, 128]]}, "get_sites_resource": {"executed_lines": [], "summary": {"covered_lines": 0, "num_statements": 2, "percent_covered": 0.0, "percent_covered_display": "0.00", "missing_lines": 2, "excluded_lines": 0, "num_branches": 0, "num_partial_branches": 0, "covered_branches": 0, "missing_branches": 0}, "missing_lines": [139, 140], "excluded_lines": [], "executed_branches": [], "missing_branches": []}, "get_devices_resource": {"executed_lines": [], "summary": {"covered_lines": 0, "num_statements": 2, "percent_covered": 0.0, "percent_covered_display": "0.00", "missing_lines": 2, "excluded_lines": 0, "num_branches": 0, "num_partial_branches": 0, "covered_branches": 0, "missing_branches": 0}, "missing_lines": [153, 154], "excluded_lines": [], "executed_branches": [], "missing_branches": []}, "get_clients_resource": {"executed_lines": [], "summary": {"covered_lines": 0, "num_statements": 2, "percent_covered": 0.0, "percent_covered_display": "0.00", "missing_lines": 2, "excluded_lines": 0, "num_branches": 0, "num_partial_branches": 0, "covered_branches": 0, "missing_branches": 0}, "missing_lines": [167, 168], "excluded_lines": [], "executed_branches": [], "missing_branches": []}, "get_networks_resource": {"executed_lines": [], "summary": {"covered_lines": 0, "num_statements": 2, "percent_covered": 0.0, "percent_covered_display": "0.00", "missing_lines": 2, "excluded_lines": 0, "num_branches": 0, "num_partial_branches": 0, "covered_branches": 0, "missing_branches": 0}, "missing_lines": [181, 182], "excluded_lines": [], "executed_branches": [], "missing_branches": []}, "get_device_details": {"executed_lines": [], "summary": {"covered_lines": 0, "num_statements": 1, "percent_covered": 0.0, "percent_covered_display": "0.00", "missing_lines": 1, "excluded_lines": 0, "num_branches": 0, "num_partial_branches": 0, "covered_branches": 0, "missing_branches": 0}, "missing_lines": [191], "excluded_lines": [], "executed_branches": [], "missing_branches": []}, "get_device_statistics": {"executed_lines": [], "summary": {"covered_lines": 0, "num_statements": 1, "percent_covered": 0.0, "percent_covered_display": "0.00", "missing_lines": 1, "excluded_lines": 0, "num_branches": 0, "num_partial_branches": 0, "covered_branches": 0, "missing_branches": 0}, "missing_lines": [197], "excluded_lines": [], "executed_branches": [], "missing_branches": []}, "list_devices_by_type": {"executed_lines": [], "summary": {"covered_lines": 0, "num_statements": 1, "percent_covered": 0.0, "percent_covered_display": "0.00", "missing_lines": 1, "excluded_lines": 0, "num_branches": 0, "num_partial_branches": 0, "covered_branches": 0, "missing_branches": 0}, "missing_lines": [203], "excluded_lines": [], "executed_branches": [], "missing_branches": []}, "search_devices": {"executed_lines": [], "summary": {"covered_lines": 0, "num_statements": 1, "percent_covered": 0.0, "percent_covered_display": "0.00", "missing_lines": 1, "excluded_lines": 0, "num_branches": 0, "num_partial_branches": 0, "covered_branches": 0, "missing_branches": 0}, "missing_lines": [209], "excluded_lines": [], "executed_branches": [], "missing_branches": []}, "get_client_details": {"executed_lines": [], "summary": {"covered_lines": 0, "num_statements": 1, "percent_covered": 0.0, "percent_covered_display": "0.00", "missing_lines": 1, "excluded_lines": 0, "num_branches": 0, "num_partial_branches": 0, "covered_branches": 0, "missing_branches": 0}, "missing_lines": [216], "excluded_lines": [], "executed_branches": [], "missing_branches": []}, "get_client_statistics": {"executed_lines": [], "summary": {"covered_lines": 0, "num_statements": 1, "percent_covered": 0.0, "percent_covered_display": "0.00", "missing_lines": 1, "excluded_lines": 0, "num_branches": 0, "num_partial_branches": 0, "covered_branches": 0, "missing_branches": 0}, "missing_lines": [222], "excluded_lines": [], "executed_branches": [], "missing_branches": []}, "list_active_clients": {"executed_lines": [], "summary": {"covered_lines": 0, "num_statements": 1, "percent_covered": 0.0, "percent_covered_display": "0.00", "missing_lines": 1, "excluded_lines": 0, "num_branches": 0, "num_partial_branches": 0, "covered_branches": 0, "missing_branches": 0}, "missing_lines": [228], "excluded_lines": [], "executed_branches": [], "missing_branches": []}, "search_clients": {"executed_lines": [], "summary": {"covered_lines": 0, "num_statements": 1, "percent_covered": 0.0, "percent_covered_display": "0.00", "missing_lines": 1, "excluded_lines": 0, "num_branches": 0, "num_partial_branches": 0, "covered_branches": 0, "missing_branches": 0}, "missing_lines": [234], "excluded_lines": [], "executed_branches": [], "missing_branches": []}, "get_network_details": {"executed_lines": [], "summary": {"covered_lines": 0, "num_statements": 1, "percent_covered": 0.0, "percent_covered_display": "0.00", "missing_lines": 1, "excluded_lines": 0, "num_branches": 0, "num_partial_branches": 0, "covered_branches": 0, "missing_branches": 0}, "missing_lines": [241], "excluded_lines": [], "executed_branches": [], "missing_branches": []}, "list_vlans": {"executed_lines": [], "summary": {"covered_lines": 0, "num_statements": 1, "percent_covered": 0.0, "percent_covered_display": "0.00", "missing_lines": 1, "excluded_lines": 0, "num_branches": 0, "num_partial_branches": 0, "covered_branches": 0, "missing_branches": 0}, "missing_lines": [247], "excluded_lines": [], "executed_branches": [], "missing_branches": []}, "get_subnet_info": {"executed_lines": [], "summary": {"covered_lines": 0, "num_statements": 1, "percent_covered": 0.0, "percent_covered_display": "0.00", "missing_lines": 1, "excluded_lines": 0, "num_branches": 0, "num_partial_branches": 0, "covered_branches": 0, "missing_branches": 0}, "missing_lines": [253], "excluded_lines": [], "executed_branches": [], "missing_branches": []}, "get_network_statistics": {"executed_lines": [], "summary": {"covered_lines": 0, "num_statements": 1, "percent_covered": 0.0, "percent_covered_display": "0.00", "missing_lines": 1, "excluded_lines": 0, "num_branches": 0, "num_partial_branches": 0, "covered_branches": 0, "missing_branches": 0}, "missing_lines": [259], "excluded_lines": [], "executed_branches": [], "missing_branches": []}, "get_site_details": {"executed_lines": [], "summary": {"covered_lines": 0, "num_statements": 1, "percent_covered": 0.0, "percent_covered_display": "0.00", "missing_lines": 1, "excluded_lines": 0, "num_branches": 0, "num_partial_branches": 0, "covered_branches": 0, "missing_branches": 0}, "missing_lines": [266], "excluded_lines": [], "executed_branches": [], "missing_branches": []}, "list_all_sites": {"executed_lines": [], "summary": {"covered_lines": 0, "num_statements": 1, "percent_covered": 0.0, "percent_covered_display": "0.00", "missing_lines": 1, "excluded_lines": 0, "num_branches": 0, "num_partial_branches": 0, "covered_branches": 0, "missing_branches": 0}, "missing_lines": [272], "excluded_lines": [], "executed_branches": [], "missing_branches": []}, "get_site_statistics": {"executed_lines": [], "summary": {"covered_lines": 0, "num_statements": 1, "percent_covered": 0.0, "percent_covered_display": "0.00", "missing_lines": 1, "excluded_lines": 0, "num_branches": 0, "num_partial_branches": 0, "covered_branches": 0, "missing_branches": 0}, "missing_lines": [278], "excluded_lines": [], "executed_branches": [], "missing_branches": []}, "list_firewall_rules": {"executed_lines": [], "summary": {"covered_lines": 0, "num_statements": 1, "percent_covered": 0.0, "percent_covered_display": "0.00", "missing_lines": 1, "excluded_lines": 0, "num_branches": 0, "num_partial_branches": 0, "covered_branches": 0, "missing_branches": 0}, "missing_lines": [285], "excluded_lines": [], "executed_branches": [], "missing_branches": []}, "create_firewall_rule": {"executed_lines": [], "summary": {"covered_lines": 0, "num_statements": 1, "percent_covered": 0.0, "percent_covered_display": "0.00", "missing_lines": 1, "excluded_lines": 0, "num_branches": 0, "num_partial_branches": 0, "covered_branches": 0, "missing_branches": 0}, "missing_lines": [302], "excluded_lines": [], "executed_branches": [], "missing_branches": []}, "update_firewall_rule": {"executed_lines": [], "summary": {"covered_lines": 0, "num_statements": 1, "percent_covered": 0.0, "percent_covered_display": "0.00", "missing_lines": 1, "excluded_lines": 0, "num_branches": 0, "num_partial_branches": 0, "covered_branches": 0, "missing_branches": 0}, "missing_lines": [332], "excluded_lines": [], "executed_branches": [], "missing_branches": []}, "delete_firewall_rule": {"executed_lines": [], "summary": {"covered_lines": 0, "num_statements": 1, "percent_covered": 0.0, "percent_covered_display": "0.00", "missing_lines": 1, "excluded_lines": 0, "num_branches": 0, "num_partial_branches": 0, "covered_branches": 0, "missing_branches": 0}, "missing_lines": [353], "excluded_lines": [], "executed_branches": [], "missing_branches": []}, "trigger_backup": {"executed_lines": [], "summary": {"covered_lines": 0, "num_statements": 1, "percent_covered": 0.0, "percent_covered_display": "0.00", "missing_lines": 1, "excluded_lines": 0, "num_branches": 0, "num_partial_branches": 0, "covered_branches": 0, "missing_branches": 0}, "missing_lines": [377], "excluded_lines": [], "executed_branches": [], "missing_branches": []}, "list_backups": {"executed_lines": [], "summary": {"covered_lines": 0, "num_statements": 1, "percent_covered": 0.0, "percent_covered_display": "0.00", "missing_lines": 1, "excluded_lines": 0, "num_branches": 0, "num_partial_branches": 0, "covered_branches": 0, "missing_branches": 0}, "missing_lines": [392], "excluded_lines": [], "executed_branches": [], "missing_branches": []}, "get_backup_details": {"executed_lines": [], "summary": {"covered_lines": 0, "num_statements": 1, "percent_covered": 0.0, "percent_covered_display": "0.00", "missing_lines": 1, "excluded_lines": 0, "num_branches": 0, "num_partial_branches": 0, "covered_branches": 0, "missing_branches": 0}, "missing_lines": [406], "excluded_lines": [], "executed_branches": [], "missing_branches": []}, "download_backup": {"executed_lines": [], "summary": {"covered_lines": 0, "num_statements": 1, "percent_covered": 0.0, "percent_covered_display": "0.00", "missing_lines": 1, "excluded_lines": 0, "num_branches": 0, "num_partial_branches": 0, "covered_branches": 0, "missing_branches": 0}, "missing_lines": [427], "excluded_lines": [], "executed_branches": [], "missing_branches": []}, "delete_backup": {"executed_lines": [], "summary": {"covered_lines": 0, "num_statements": 1, "percent_covered": 0.0, "percent_covered_display": "0.00", "missing_lines": 1, "excluded_lines": 0, "num_branches": 0, "num_partial_branches": 0, "covered_branches": 0, "missing_branches": 0}, "missing_lines": [453], "excluded_lines": [], "executed_branches": [], "missing_branches": []}, "restore_backup": {"executed_lines": [], "summary": {"covered_lines": 0, "num_statements": 1, "percent_covered": 0.0, "percent_covered_display": "0.00", "missing_lines": 1, "excluded_lines": 0, "num_branches": 0, "num_partial_branches": 0, "covered_branches": 0, "missing_branches": 0}, "missing_lines": [484], "excluded_lines": [], "executed_branches": [], "missing_branches": []}, "validate_backup": {"executed_lines": [], "summary": {"covered_lines": 0, "num_statements": 1, "percent_covered": 0.0, "percent_covered_display": "0.00", "missing_lines": 1, "excluded_lines": 0, "num_branches": 0, "num_partial_branches": 0, "covered_branches": 0, "missing_branches": 0}, "missing_lines": [503], "excluded_lines": [], "executed_branches": [], "missing_branches": []}, "get_backup_status": {"executed_lines": [], "summary": {"covered_lines": 0, "num_statements": 1, "percent_covered": 0.0, "percent_covered_display": "0.00", "missing_lines": 1, "excluded_lines": 0, "num_branches": 0, "num_partial_branches": 0, "covered_branches": 0, "missing_branches": 0}, "missing_lines": [519], "excluded_lines": [], "executed_branches": [], "missing_branches": []}, "get_restore_status": {"executed_lines": [], "summary": {"covered_lines": 0, "num_statements": 1, "percent_covered": 0.0, "percent_covered_display": "0.00", "missing_lines": 1, "excluded_lines": 0, "num_branches": 0, "num_partial_branches": 0, "covered_branches": 0, "missing_branches": 0}, "missing_lines": [535], "excluded_lines": [], "executed_branches": [], "missing_branches": []}, "schedule_backups": {"executed_lines": [], "summary": {"covered_lines": 0, "num_statements": 1, "percent_covered": 0.0, "percent_covered_display": "0.00", "missing_lines": 1, "excluded_lines": 0, "num_branches": 0, "num_partial_branches": 0, "covered_branches": 0, "missing_branches": 0}, "missing_lines": [574], "excluded_lines": [], "executed_branches": [], "missing_branches": []}, "get_backup_schedule": {"executed_lines": [], "summary": {"covered_lines": 0, "num_statements": 1, "percent_covered": 0.0, "percent_covered_display": "0.00", "missing_lines": 1, "excluded_lines": 0, "num_branches": 0, "num_partial_branches": 0, "covered_branches": 0, "missing_branches": 0}, "missing_lines": [604], "excluded_lines": [], "executed_branches": [], "missing_branches": []}, "create_network": {"executed_lines": [], "summary": {"covered_lines": 0, "num_statements": 1, "percent_covered": 0.0, "percent_covered_display": "0.00", "missing_lines": 1, "excluded_lines": 0, "num_branches": 0, "num_partial_branches": 0, "covered_branches": 0, "missing_branches": 0}, "missing_lines": [625], "excluded_lines": [], "executed_branches": [], "missing_branches": []}, "update_network": {"executed_lines": [], "summary": {"covered_lines": 0, "num_statements": 1, "percent_covered": 0.0, "percent_covered_display": "0.00", "missing_lines": 1, "excluded_lines": 0, "num_branches": 0, "num_partial_branches": 0, "covered_branches": 0, "missing_branches": 0}, "missing_lines": [661], "excluded_lines": [], "executed_branches": [], "missing_branches": []}, "delete_network": {"executed_lines": [], "summary": {"covered_lines": 0, "num_statements": 1, "percent_covered": 0.0, "percent_covered_display": "0.00", "missing_lines": 1, "excluded_lines": 0, "num_branches": 0, "num_partial_branches": 0, "covered_branches": 0, "missing_branches": 0}, "missing_lines": [685], "excluded_lines": [], "executed_branches": [], "missing_branches": []}, "restart_device": {"executed_lines": [], "summary": {"covered_lines": 0, "num_statements": 1, "percent_covered": 0.0, "percent_covered_display": "0.00", "missing_lines": 1, "excluded_lines": 0, "num_branches": 0, "num_partial_branches": 0, "covered_branches": 0, "missing_branches": 0}, "missing_lines": [696], "excluded_lines": [], "executed_branches": [], "missing_branches": []}, "locate_device": {"executed_lines": [], "summary": {"covered_lines": 0, "num_statements": 1, "percent_covered": 0.0, "percent_covered_display": "0.00", "missing_lines": 1, "excluded_lines": 0, "num_branches": 0, "num_partial_branches": 0, "covered_branches": 0, "missing_branches": 0}, "missing_lines": [710], "excluded_lines": [], "executed_branches": [], "missing_branches": []}, "upgrade_device": {"executed_lines": [], "summary": {"covered_lines": 0, "num_statements": 1, "percent_covered": 0.0, "percent_covered_display": "0.00", "missing_lines": 1, "excluded_lines": 0, "num_branches": 0, "num_partial_branches": 0, "covered_branches": 0, "missing_branches": 0}, "missing_lines": [724], "excluded_lines": [], "executed_branches": [], "missing_branches": []}, "block_client": {"executed_lines": [], "summary": {"covered_lines": 0, "num_statements": 1, "percent_covered": 0.0, "percent_covered_display": "0.00", "missing_lines": 1, "excluded_lines": 0, "num_branches": 0, "num_partial_branches": 0, "covered_branches": 0, "missing_branches": 0}, "missing_lines": [735], "excluded_lines": [], "executed_branches": [], "missing_branches": []}, "unblock_client": {"executed_lines": [], "summary": {"covered_lines": 0, "num_statements": 1, "percent_covered": 0.0, "percent_covered_display": "0.00", "missing_lines": 1, "excluded_lines": 0, "num_branches": 0, "num_partial_branches": 0, "covered_branches": 0, "missing_branches": 0}, "missing_lines": [743], "excluded_lines": [], "executed_branches": [], "missing_branches": []}, "reconnect_client": {"executed_lines": [], "summary": {"covered_lines": 0, "num_statements": 1, "percent_covered": 0.0, "percent_covered_display": "0.00", "missing_lines": 1, "excluded_lines": 0, "num_branches": 0, "num_partial_branches": 0, "covered_branches": 0, "missing_branches": 0}, "missing_lines": [751], "excluded_lines": [], "executed_branches": [], "missing_branches": []}, "list_wlans": {"executed_lines": [], "summary": {"covered_lines": 0, "num_statements": 1, "percent_covered": 0.0, "percent_covered_display": "0.00", "missing_lines": 1, "excluded_lines": 0, "num_branches": 0, "num_partial_branches": 0, "covered_branches": 0, "missing_branches": 0}, "missing_lines": [760], "excluded_lines": [], "executed_branches": [], "missing_branches": []}, "create_wlan": {"executed_lines": [], "summary": {"covered_lines": 0, "num_statements": 1, "percent_covered": 0.0, "percent_covered_display": "0.00", "missing_lines": 1, "excluded_lines": 0, "num_branches": 0, "num_partial_branches": 0, "covered_branches": 0, "missing_branches": 0}, "missing_lines": [779], "excluded_lines": [], "executed_branches": [], "missing_branches": []}, "update_wlan": {"executed_lines": [], "summary": {"covered_lines": 0, "num_statements": 1, "percent_covered": 0.0, "percent_covered_display": "0.00", "missing_lines": 1, "excluded_lines": 0, "num_branches": 0, "num_partial_branches": 0, "covered_branches": 0, "missing_branches": 0}, "missing_lines": [813], "excluded_lines": [], "executed_branches": [], "missing_branches": []}, "delete_wlan": {"executed_lines": [], "summary": {"covered_lines": 0, "num_statements": 1, "percent_covered": 0.0, "percent_covered_display": "0.00", "missing_lines": 1, "excluded_lines": 0, "num_branches": 0, "num_partial_branches": 0, "covered_branches": 0, "missing_branches": 0}, "missing_lines": [836], "excluded_lines": [], "executed_branches": [], "missing_branches": []}, "get_wlan_statistics": {"executed_lines": [], "summary": {"covered_lines": 0, "num_statements": 1, "percent_covered": 0.0, "percent_covered_display": "0.00", "missing_lines": 1, "excluded_lines": 0, "num_branches": 0, "num_partial_branches": 0, "covered_branches": 0, "missing_branches": 0}, "missing_lines": [842], "excluded_lines": [], "executed_branches": [], "missing_branches": []}, "list_port_forwards": {"executed_lines": [], "summary": {"covered_lines": 0, "num_statements": 1, "percent_covered": 0.0, "percent_covered_display": "0.00", "missing_lines": 1, "excluded_lines": 0, "num_branches": 0, "num_partial_branches": 0, "covered_branches": 0, "missing_branches": 0}, "missing_lines": [851], "excluded_lines": [], "executed_branches": [], "missing_branches": []}, "create_port_forward": {"executed_lines": [], "summary": {"covered_lines": 0, "num_statements": 1, "percent_covered": 0.0, "percent_covered_display": "0.00", "missing_lines": 1, "excluded_lines": 0, "num_branches": 0, "num_partial_branches": 0, "covered_branches": 0, "missing_branches": 0}, "missing_lines": [869], "excluded_lines": [], "executed_branches": [], "missing_branches": []}, "delete_port_forward": {"executed_lines": [], "summary": {"covered_lines": 0, "num_statements": 1, "percent_covered": 0.0, "percent_covered_display": "0.00", "missing_lines": 1, "excluded_lines": 0, "num_branches": 0, "num_partial_branches": 0, "covered_branches": 0, "missing_branches": 0}, "missing_lines": [890], "excluded_lines": [], "executed_branches": [], "missing_branches": []}, "get_dpi_statistics": {"executed_lines": [], "summary": {"covered_lines": 0, "num_statements": 1, "percent_covered": 0.0, "percent_covered_display": "0.00", "missing_lines": 1, "excluded_lines": 0, "num_branches": 0, "num_partial_branches": 0, "covered_branches": 0, "missing_branches": 0}, "missing_lines": [897], "excluded_lines": [], "executed_branches": [], "missing_branches": []}, "list_top_applications": {"executed_lines": [], "summary": {"covered_lines": 0, "num_statements": 1, "percent_covered": 0.0, "percent_covered_display": "0.00", "missing_lines": 1, "excluded_lines": 0, "num_branches": 0, "num_partial_branches": 0, "covered_branches": 0, "missing_branches": 0}, "missing_lines": [905], "excluded_lines": [], "executed_branches": [], "missing_branches": []}, "get_client_dpi": {"executed_lines": [], "summary": {"covered_lines": 0, "num_statements": 1, "percent_covered": 0.0, "percent_covered_display": "0.00", "missing_lines": 1, "excluded_lines": 0, "num_branches": 0, "num_partial_branches": 0, "covered_branches": 0, "missing_branches": 0}, "missing_lines": [917], "excluded_lines": [], "executed_branches": [], "missing_branches": []}, "get_application_info": {"executed_lines": [], "summary": {"covered_lines": 0, "num_statements": 1, "percent_covered": 0.0, "percent_covered_display": "0.00", "missing_lines": 1, "excluded_lines": 0, "num_branches": 0, "num_partial_branches": 0, "covered_branches": 0, "missing_branches": 0}, "missing_lines": [924], "excluded_lines": [], "executed_branches": [], "missing_branches": []}, "list_pending_devices": {"executed_lines": [], "summary": {"covered_lines": 0, "num_statements": 1, "percent_covered": 0.0, "percent_covered_display": "0.00", "missing_lines": 1, "excluded_lines": 0, "num_branches": 0, "num_partial_branches": 0, "covered_branches": 0, "missing_branches": 0}, "missing_lines": [933], "excluded_lines": [], "executed_branches": [], "missing_branches": []}, "adopt_device": {"executed_lines": [], "summary": {"covered_lines": 0, "num_statements": 1, "percent_covered": 0.0, "percent_covered_display": "0.00", "missing_lines": 1, "excluded_lines": 0, "num_branches": 0, "num_partial_branches": 0, "covered_branches": 0, "missing_branches": 0}, "missing_lines": [945], "excluded_lines": [], "executed_branches": [], "missing_branches": []}, "execute_port_action": {"executed_lines": [], "summary": {"covered_lines": 0, "num_statements": 1, "percent_covered": 0.0, "percent_covered_display": "0.00", "missing_lines": 1, "excluded_lines": 0, "num_branches": 0, "num_partial_branches": 0, "covered_branches": 0, "missing_branches": 0}, "missing_lines": [959], "excluded_lines": [], "executed_branches": [], "missing_branches": []}, "authorize_guest": {"executed_lines": [], "summary": {"covered_lines": 0, "num_statements": 1, "percent_covered": 0.0, "percent_covered_display": "0.00", "missing_lines": 1, "excluded_lines": 0, "num_branches": 0, "num_partial_branches": 0, "covered_branches": 0, "missing_branches": 0}, "missing_lines": [976], "excluded_lines": [], "executed_branches": [], "missing_branches": []}, "limit_bandwidth": {"executed_lines": [], "summary": {"covered_lines": 0, "num_statements": 1, "percent_covered": 0.0, "percent_covered_display": "0.00", "missing_lines": 1, "excluded_lines": 0, "num_branches": 0, "num_partial_branches": 0, "covered_branches": 0, "missing_branches": 0}, "missing_lines": [998], "excluded_lines": [], "executed_branches": [], "missing_branches": []}, "list_vouchers": {"executed_lines": [], "summary": {"covered_lines": 0, "num_statements": 1, "percent_covered": 0.0, "percent_covered_display": "0.00", "missing_lines": 1, "excluded_lines": 0, "num_branches": 0, "num_partial_branches": 0, "covered_branches": 0, "missing_branches": 0}, "missing_lines": [1012], "excluded_lines": [], "executed_branches": [], "missing_branches": []}, "get_voucher": {"executed_lines": [], "summary": {"covered_lines": 0, "num_statements": 1, "percent_covered": 0.0, "percent_covered_display": "0.00", "missing_lines": 1, "excluded_lines": 0, "num_branches": 0, "num_partial_branches": 0, "covered_branches": 0, "missing_branches": 0}, "missing_lines": [1018], "excluded_lines": [], "executed_branches": [], "missing_branches": []}, "create_vouchers": {"executed_lines": [], "summary": {"covered_lines": 0, "num_statements": 1, "percent_covered": 0.0, "percent_covered_display": "0.00", "missing_lines": 1, "excluded_lines": 0, "num_branches": 0, "num_partial_branches": 0, "covered_branches": 0, "missing_branches": 0}, "missing_lines": [1035], "excluded_lines": [], "executed_branches": [], "missing_branches": []}, "delete_voucher": {"executed_lines": [], "summary": {"covered_lines": 0, "num_statements": 1, "percent_covered": 0.0, "percent_covered_display": "0.00", "missing_lines": 1, "excluded_lines": 0, "num_branches": 0, "num_partial_branches": 0, "covered_branches": 0, "missing_branches": 0}, "missing_lines": [1055], "excluded_lines": [], "executed_branches": [], "missing_branches": []}, "bulk_delete_vouchers": {"executed_lines": [], "summary": {"covered_lines": 0, "num_statements": 1, "percent_covered": 0.0, "percent_covered_display": "0.00", "missing_lines": 1, "excluded_lines": 0, "num_branches": 0, "num_partial_branches": 0, "covered_branches": 0, "missing_branches": 0}, "missing_lines": [1063], "excluded_lines": [], "executed_branches": [], "missing_branches": []}, "list_radius_profiles": {"executed_lines": [], "summary": {"covered_lines": 0, "num_statements": 1, "percent_covered": 0.0, "percent_covered_display": "0.00", "missing_lines": 1, "excluded_lines": 0, "num_branches": 0, "num_partial_branches": 0, "covered_branches": 0, "missing_branches": 0}, "missing_lines": [1072], "excluded_lines": [], "executed_branches": [], "missing_branches": []}, "get_radius_profile": {"executed_lines": [], "summary": {"covered_lines": 0, "num_statements": 1, "percent_covered": 0.0, "percent_covered_display": "0.00", "missing_lines": 1, "excluded_lines": 0, "num_branches": 0, "num_partial_branches": 0, "covered_branches": 0, "missing_branches": 0}, "missing_lines": [1078], "excluded_lines": [], "executed_branches": [], "missing_branches": []}, "create_radius_profile": {"executed_lines": [], "summary": {"covered_lines": 0, "num_statements": 1, "percent_covered": 0.0, "percent_covered_display": "0.00", "missing_lines": 1, "excluded_lines": 0, "num_branches": 0, "num_partial_branches": 0, "covered_branches": 0, "missing_branches": 0}, "missing_lines": [1097], "excluded_lines": [], "executed_branches": [], "missing_branches": []}, "update_radius_profile": {"executed_lines": [], "summary": {"covered_lines": 0, "num_statements": 1, "percent_covered": 0.0, "percent_covered_display": "0.00", "missing_lines": 1, "excluded_lines": 0, "num_branches": 0, "num_partial_branches": 0, "covered_branches": 0, "missing_branches": 0}, "missing_lines": [1131], "excluded_lines": [], "executed_branches": [], "missing_branches": []}, "delete_radius_profile": {"executed_lines": [], "summary": {"covered_lines": 0, "num_statements": 1, "percent_covered": 0.0, "percent_covered_display": "0.00", "missing_lines": 1, "excluded_lines": 0, "num_branches": 0, "num_partial_branches": 0, "covered_branches": 0, "missing_branches": 0}, "missing_lines": [1154], "excluded_lines": [], "executed_branches": [], "missing_branches": []}, "list_radius_accounts": {"executed_lines": [], "summary": {"covered_lines": 0, "num_statements": 1, "percent_covered": 0.0, "percent_covered_display": "0.00", "missing_lines": 1, "excluded_lines": 0, "num_branches": 0, "num_partial_branches": 0, "covered_branches": 0, "missing_branches": 0}, "missing_lines": [1161], "excluded_lines": [], "executed_branches": [], "missing_branches": []}, "create_radius_account": {"executed_lines": [], "summary": {"covered_lines": 0, "num_statements": 1, "percent_covered": 0.0, "percent_covered_display": "0.00", "missing_lines": 1, "excluded_lines": 0, "num_branches": 0, "num_partial_branches": 0, "covered_branches": 0, "missing_branches": 0}, "missing_lines": [1176], "excluded_lines": [], "executed_branches": [], "missing_branches": []}, "delete_radius_account": {"executed_lines": [], "summary": {"covered_lines": 0, "num_statements": 1, "percent_covered": 0.0, "percent_covered_display": "0.00", "missing_lines": 1, "excluded_lines": 0, "num_branches": 0, "num_partial_branches": 0, "covered_branches": 0, "missing_branches": 0}, "missing_lines": [1186], "excluded_lines": [], "executed_branches": [], "missing_branches": []}, "get_guest_portal_config": {"executed_lines": [], "summary": {"covered_lines": 0, "num_statements": 1, "percent_covered": 0.0, "percent_covered_display": "0.00", "missing_lines": 1, "excluded_lines": 0, "num_branches": 0, "num_partial_branches": 0, "covered_branches": 0, "missing_branches": 0}, "missing_lines": [1193], "excluded_lines": [], "executed_branches": [], "missing_branches": []}, "configure_guest_portal": {"executed_lines": [], "summary": {"covered_lines": 0, "num_statements": 1, "percent_covered": 0.0, "percent_covered_display": "0.00", "missing_lines": 1, "excluded_lines": 0, "num_branches": 0, "num_partial_branches": 0, "covered_branches": 0, "missing_branches": 0}, "missing_lines": [1211], "excluded_lines": [], "executed_branches": [], "missing_branches": []}, "list_hotspot_packages": {"executed_lines": [], "summary": {"covered_lines": 0, "num_statements": 1, "percent_covered": 0.0, "percent_covered_display": "0.00", "missing_lines": 1, "excluded_lines": 0, "num_branches": 0, "num_partial_branches": 0, "covered_branches": 0, "missing_branches": 0}, "missing_lines": [1231], "excluded_lines": [], "executed_branches": [], "missing_branches": []}, "create_hotspot_package": {"executed_lines": [], "summary": {"covered_lines": 0, "num_statements": 1, "percent_cov
[...]
num_partial_branches": 0, "covered_branches": 2, "missing_branches": 0}, "missing_lines": [], "excluded_lines": [], "executed_branches": [[24, 25], [24, 28]], "missing_branches": []}, "validate_ip_address": {"executed_lines": [43, 44, 45, 47, 48, 49, 50, 51, 52, 53, 55], "summary": {"covered_lines": 11, "num_statements": 11, "percent_covered": 100.0, "percent_covered_display": "100.00", "missing_lines": 0, "excluded_lines": 0, "num_branches": 6, "num_partial_branches": 0, "covered_branches": 6, "missing_branches": 0}, "missing_lines": [], "excluded_lines": [], "executed_branches": [[44, 45], [44, 47], [48, 49], [48, 55], [50, 48], [50, 51]], "missing_branches": []}, "validate_port": {"executed_lines": [70, 71, 73], "summary": {"covered_lines": 3, "num_statements": 3, "percent_covered": 100.0, "percent_covered_display": "100.00", "missing_lines": 0, "excluded_lines": 0, "num_branches": 2, "num_partial_branches": 0, "covered_branches": 2, "missing_branches": 0}, "missing_lines": [], "excluded_lines": [], "executed_branches": [[70, 71], [70, 73]], "missing_branches": []}, "validate_site_id": {"executed_lines": [88, 89, 92, 93, 95], "summary": {"covered_lines": 5, "num_statements": 5, "percent_covered": 100.0, "percent_covered_display": "100.00", "missing_lines": 0, "excluded_lines": 0, "num_branches": 4, "num_partial_branches": 0, "covered_branches": 4, "missing_branches": 0}, "missing_lines": [], "excluded_lines": [], "executed_branches": [[88, 89], [88, 92], [92, 93], [92, 95]], "missing_branches": []}, "validate_device_id": {"executed_lines": [110, 111, 114, 115, 117], "summary": {"covered_lines": 5, "num_statements": 5, "percent_covered": 100.0, "percent_covered_display": "100.00", "missing_lines": 0, "excluded_lines": 0, "num_branches": 4, "num_partial_branches": 0, "covered_branches": 4, "missing_branches": 0}, "missing_lines": [], "excluded_lines": [], "executed_branches": [[110, 111], [110, 114], [114, 115], [114, 117]], "missing_branches": []}, "validate_confirmation": {"executed_lines": [130, 131], "summary": {"covered_lines": 2, "num_statements": 2, "percent_covered": 100.0, "percent_covered_display": "100.00", "missing_lines": 0, "excluded_lines": 0, "num_branches": 2, "num_partial_branches": 0, "covered_branches": 2, "missing_branches": 0}, "missing_lines": [], "excluded_lines": [], "executed_branches": [[130, -120], [130, 131]], "missing_branches": []}, "validate_limit_offset": {"executed_lines": [150, 151, 154, 155, 157, 158, 160], "summary": {"covered_lines": 7, "num_statements": 7, "percent_covered": 100.0, "percent_covered_display": "100.00", "missing_lines": 0, "excluded_lines": 0, "num_branches": 4, "num_partial_branches": 0, "covered_branches": 4, "missing_branches": 0}, "missing_lines": [], "excluded_lines": [], "executed_branches": [[154, 155], [154, 157], [157, 158], [157, 160]], "missing_branches": []}, "": {"executed_lines": [1, 3, 5, 8, 31, 58, 76, 98, 120, 136], "summary": {"covered_lines": 9, "num_statements": 9, "percent_covered": 100.0, "percent_covered_display": "100.00", "missing_lines": 0, "excluded_lines": 0, "num_branches": 0, "num_partial_branches": 0, "covered_branches": 0, "missing_branches": 0}, "missing_lines": [], "excluded_lines": [], "executed_branches": [], "missing_branches": []}}, "classes": {"": {"executed_lines": [1, 3, 5, 8, 21, 24, 25, 28, 31, 43, 44, 45, 47, 48, 49, 50, 51, 52, 53, 55, 58, 70, 71, 73, 76, 88, 89, 92, 93, 95, 98, 110, 111, 114, 115, 117, 120, 130, 131, 136, 150, 151, 154, 155, 157, 158, 160], "summary": {"covered_lines": 46, "num_statements": 46, "percent_covered": 100.0, "percent_covered_display": "100.00", "missing_lines": 0, "excluded_lines": 0, "num_branches": 24, "num_partial_branches": 0, "covered_branches": 24, "missing_branches": 0}, "missing_lines": [], "excluded_lines": [], "executed_branches": [[24, 25], [24, 28], [44, 45], [44, 47], [48, 49], [48, 55], [50, 48], [50, 51], [70, 71], [70, 73], [88, 89], [88, 92], [92, 93], [92, 95], [110, 111], [110, 114], [114, 115], [114, 117], [130, -120], [130, 131], [154, 155], [154, 157], [157, 158], [157, 160]], "missing_branches": []}}}, "src/webhooks/handlers.py": {"executed_lines": [1, 6, 7, 9, 10, 11, 13, 17, 18, 20, 26, 27, 29, 35, 36, 38, 43, 45, 51, 57, 58, 60, 65, 67, 73, 79, 80, 81, 83, 88, 90, 96, 102, 103, 105, 110, 112, 118, 124, 125, 126, 128, 134, 140, 141, 143, 145, 151, 155, 161, 170, 176, 178, 179, 181, 185], "summary": {"covered_lines": 53, "num_statements": 55, "percent_covered": 96.49122807017544, "percent_covered_display": "96.49", "missing_lines": 2, "excluded_lines": 2, "num_branches": 2, "num_partial_branches": 0, "covered_branches": 2, "missing_branches": 0}, "missing_lines": [195, 196], "excluded_lines": [13, 14], "executed_branches": [[178, 179], [178, 181]], "missing_branches": [], "functions": {"WebhookEventHandler.__init__": {"executed_lines": [26, 27], "summary": {"covered_lines": 2, "num_statements": 2, "percent_covered": 100.0, "percent_covered_display": "100.00", "missing_lines": 0, "excluded_lines": 0, "num_branches": 0, "num_partial_branches": 0, "covered_branches": 0, "missing_branches": 0}, "missing_lines": [], "excluded_lines": [], "executed_branches": [], "missing_branches": []}, "WebhookEventHandler.handle_device_online": {"executed_lines": [35, 36, 38, 43, 45], "summary": {"covered_lines": 5, "num_statements": 5, "percent_covered": 100.0, "percent_covered_display": "100.00", "missing_lines": 0, "excluded_lines": 0, "num_branches": 0, "num_partial_branches": 0, "covered_branches": 0, "missing_branches": 0}, "missing_lines": [], "excluded_lines": [], "executed_branches": [], "missing_branches": []}, "WebhookEventHandler.handle_device_offline": {"executed_lines": [57, 58, 60, 65, 67], "summary": {"covered_lines": 5, "num_statements": 5, "percent_covered": 100.0, "percent_covered_display": "100.00", "missing_lines": 0, "excluded_lines": 0, "num_branches": 0, "num_partial_branches": 0, "covered_branches": 0, "missing_branches": 0}, "missing_lines": [], "excluded_lines": [], "executed_branches": [], "missing_branches": []}, "WebhookEventHandler.handle_client_connected": {"executed_lines": [79, 80, 81, 83, 88, 90], "summary": {"covered_lines": 6, "num_statements": 6, "percent_covered": 100.0, "percent_covered_display": "100.00", "missing_lines": 0, "excluded_lines": 0, "num_branches": 0, "num_partial_branches": 0, "covered_branches": 0, "missing_branches": 0}, "missing_lines": [], "excluded_lines": [], "executed_branches": [], "missing_branches": []}, "WebhookEventHandler.handle_client_disconnected": {"executed_lines": [102, 103, 105, 110, 112], "summary": {"covered_lines": 5, "num_statements": 5, "percent_covered": 100.0, "percent_covered_display": "100.00", "missing_lines": 0, "excluded_lines": 0, "num_branches": 0, "num_partial_branches": 0, "covered_branches": 0, "missing_branches": 0}, "missing_lines": [], "excluded_lines": [], "executed_branches": [], "missing_branches": []}, "WebhookEventHandler.handle_alert_raised": {"executed_lines": [124, 125, 126, 128], "summary": {"covered_lines": 4, "num_statements": 4, "percent_covered": 100.0, "percent_covered_display": "100.00", "missing_lines": 0, "excluded_lines": 0, "num_branches": 0, "num_partial_branches": 0, "covered_branches": 0, "missing_branches": 0}, "missing_lines": [], "excluded_lines": [], "executed_branches": [], "missing_branches": []}, "WebhookEventHandler.handle_event_occurred": {"executed_lines": [140, 141, 143], "summary": {"covered_lines": 3, "num_statements": 3, "percent_covered": 100.0, "percent_covered_display": "100.00", "missing_lines": 0, "excluded_lines": 0, "num_branches": 0, "num_partial_branches": 0, "covered_branches": 0, "missing_branches": 0}, "missing_lines": [], "excluded_lines": [], "executed_branches": [], "missing_branches": []}, "WebhookEventHandler.handle_wildcard": {"executed_lines": [151], "summary": {"covered_lines": 1, "num_statements": 1, "percent_covered": 100.0, "percent_covered_display": "100.00", "missing_lines": 0, "excluded_lines": 0, "num_branches": 0, "num_partial_branches": 0, "covered_branches": 0, "missing_branches": 0}, "missing_lines": [], "excluded_lines": [], "executed_branches": [], "missing_branches": []}, "WebhookEventHandler.get_default_handlers": {"executed_lines": [161], "summary": {"covered_lines": 1, "num_statements": 1, "percent_covered": 100.0, "percent_covered_display": "100.00", "missing_lines": 0, "excluded_lines": 0, "num_branches": 0, "num_partial_branches": 0, "covered_branches": 0, "missing_branches": 0}, "missing_lines": [], "excluded_lines": [], "executed_branches": [], "missing_branches": []}, "WebhookEventHandler.register_default_handlers": {"executed_lines": [176, 178, 179, 181], "summary": {"covered_lines": 4, "num_statements": 4, "percent_covered": 100.0, "percent_covered_display": "100.00", "missing_lines": 0, "excluded_lines": 0, "num_branches": 2, "num_partial_branches": 0, "covered_branches": 2, "missing_branches": 0}, "missing_lines": [], "excluded_lines": [], "executed_branches": [[178, 179], [178, 181]], "missing_branches": []}, "custom_handler_example": {"executed_lines": [], "summary": {"covered_lines": 0, "num_statements": 2, "percent_covered": 0.0, "percent_covered_display": "0.00", "missing_lines": 2, "excluded_lines": 0, "num_branches": 0, "num_partial_branches": 0, "covered_branches": 0, "missing_branches": 0}, "missing_lines": [195, 196], "excluded_lines": [], "executed_branches": [], "missing_branches": []}, "": {"executed_lines": [1, 6, 7, 9, 10, 11, 13, 17, 18, 20, 29, 51, 73, 96, 118, 134, 145, 155, 170, 185], "summary": {"covered_lines": 17, "num_statements": 17, "percent_covered": 100.0, "percent_covered_display": "100.00", "missing_lines": 0, "excluded_lines": 2, "num_branches": 0, "num_partial_branches": 0, "covered_branches": 0, "missing_branches": 0}, "missing_lines": [], "excluded_lines": [13, 14], "executed_branches": [], "missing_branches": []}}, "classes": {"WebhookEventHandler": {"executed_lines": [26, 27, 35, 36, 38, 43, 45, 57, 58, 60, 65, 67, 79, 80, 81, 83, 88, 90, 102, 103, 105, 110, 112, 124, 125, 126, 128, 140, 141, 143, 151, 161, 176, 178, 179, 181], "summary": {"covered_lines": 36, "num_statements": 36, "percent_covered": 100.0, "percent_covered_display": "100.00", "missing_lines": 0, "excluded_lines": 0, "num_branches": 2, "num_partial_branches": 0, "covered_branches": 2, "missing_branches": 0}, "missing_lines": [], "excluded_lines": [], "executed_branches": [[178, 179], [178, 181]], "missing_branches": []}, "": {"executed_lines": [1, 6, 7, 9, 10, 11, 13, 17, 18, 20, 29, 51, 73, 96, 118, 134, 145, 155, 170, 185], "summary": {"covered_lines": 17, "num_statements": 19, "percent_covered": 89.47368421052632, "percent_covered_display": "89.47", "missing_lines": 2, "excluded_lines": 2, "num_branches": 0, "num_partial_branches": 0, "covered_branches": 0, "missing_branches": 0}, "missing_lines": [195, 196], "excluded_lines": [13, 14], "executed_branches": [], "missing_branches": []}}}, "src/webhooks/receiver.py": {"executed_lines": [1, 8, 9, 10, 11, 12, 13, 15, 16, 18, 19, 22, 23, 25, 26, 27, 28, 29, 31, 32, 34, 35, 36, 39, 40, 42, 55, 56, 57, 58, 59, 60, 63, 64, 65, 70, 73, 153, 160, 161, 163, 164, 166, 173, 174, 175, 177, 183, 189, 192, 193, 195, 197, 202, 203, 204, 205, 206, 211, 221, 222, 224, 230, 232, 241, 242, 245, 246, 249, 250, 253, 254, 256, 272, 273, 276, 277, 280, 285, 286, 289, 290], "summary": {"covered_lines": 79, "num_statements": 114, "percent_covered": 67.56756756756756, "percent_covered_display": "67.57", "missing_lines": 35, "excluded_lines": 0, "num_branches": 34, "num_partial_branches": 3, "covered_branches": 21, "missing_branches": 13}, "missing_lines": [71, 80, 81, 86, 88, 89, 92, 93, 94, 95, 99, 100, 101, 107, 108, 111, 112, 113, 116, 117, 118, 124, 126, 132, 133, 134, 138, 139, 140, 144, 145, 146, 151, 198, 199], "excluded_lines": [], "executed_branches": [[34, 35], [34, 36], [64, 65], [64, 70], [70, -42], [160, 161], [160, 163], [173, 174], [197, 202], [202, -177], [202, 203], [221, 222], [221, 224], [241, 242], [241, 245], [249, 250], [249, 253], [276, 277], [276, 280], [285, 286], [285, 289]], "missing_branches": [[70, 71], [92, 93], [92, 99], [93, 94], [93, 107], [99, 100], [99, 107], [111, 112], [111, 116], [116, 117], [116, 124], [173, -166], [197, 198]], "functions": {"WebhookEvent.validate_event_type": {"executed_lines": [34, 35, 36], "summary": {"covered_lines": 3, "num_statements": 3, "percent_covered": 100.0, "percent_covered_display": "100.00", "missing_lines": 0, "excluded_lines": 0, "num_branches": 2, "num_partial_branches": 0, "covered_branches": 2, "missing_branches": 0}, "missing_lines": [], "excluded_lines": [], "executed_branches": [[34, 35], [34, 36]], "missing_branches": []}, "WebhookReceiver.__init__": {"executed_lines": [55, 56, 57, 58, 59, 60, 63, 64, 65, 70], "summary": {"covered_lines": 10, "num_statements": 11, "percent_covered": 86.66666666666667, "percent_covered_display": "86.67", "missing_lines": 1, "excluded_lines": 0, "num_branches": 4, "num_partial_branches": 1, "covered_branches": 3, "missing_branches": 1}, "missing_lines": [71], "excluded_lines": [], "executed_branches": [[64, 65], [64, 70], [70, -42]], "missing_branches": [[70, 71]]}, "WebhookReceiver.register_routes": {"executed_lines": [], "summary": {"covered_lines": 0, "num_statements": 3, "percent_covered": 0.0, "percent_covered_display": "0.00", "missing_lines": 3, "excluded_lines": 0, "num_branches": 0, "num_partial_branches": 0, "covered_branches": 0, "missing_branches": 0}, "missing_lines": [80, 81, 151], "excluded_lines": [], "executed_branches": [], "missing_branches": []}, "WebhookReceiver.register_routes.receive_webhook": {"executed_lines": [], "summary": {"covered_lines": 0, "num_statements": 29, "percent_covered": 0.0, "percent_covered_display": "0.00", "missing_lines": 29, "excluded_lines": 0, "num_branches": 10, "num_partial_branches": 0, "covered_branches": 0, "missing_branches": 10}, "missing_lines": [86, 88, 89, 92, 93, 94, 95, 99, 100, 101, 107, 108, 111, 112, 113, 116, 117, 118, 124, 126, 132, 133, 134, 138, 139, 140, 144, 145, 146], "excluded_lines": [], "executed_branches": [], "missing_branches": [[92, 93], [92, 99], [93, 94], [93, 107], [99, 100], [99, 107], [111, 112], [111, 116], [116, 117], [116, 124]]}, "WebhookReceiver.register_handler": {"executed_lines": [160, 161, 163, 164], "summary": {"covered_lines": 4, "num_statements": 4, "percent_covered": 100.0, "percent_covered_display": "100.00", "missing_lines": 0, "excluded_lines": 0, "num_branches": 2, "num_partial_branches": 0, "covered_branches": 2, "missing_branches": 0}, "missing_lines": [], "excluded_lines": [], "executed_branches": [[160, 161], [160, 163]], "missing_branches": []}, "WebhookReceiver.unregister_handler": {"executed_lines": [173, 174, 175], "summary": {"covered_lines": 3, "num_statements": 3, "percent_covered": 80.0, "percent_covered_display": "80.00", "missing_lines": 0, "excluded_lines": 0, "num_branches": 2, "num_partial_branches": 1, "covered_branches": 1, "missing_branches": 1}, "missing_lines": [], "excluded_lines": [], "executed_branches": [[173, 174]], "missing_branches": [[173, -166]]}, "WebhookReceiver._process_event": {"executed_lines": [183, 189, 192, 193, 195, 197, 202, 203, 204, 205, 206], "summary": {"covered_lines": 11, "num_statements": 13, "percent_covered": 82.3529411764706, "percent_covered_display": "82.35", "missing_lines": 2, "excluded_lines": 0, "num_branches": 4, "num_partial_branches": 1, "covered_branches": 3, "missing_branches": 1}, "missing_lines": [198, 199], "excluded_lines": [], "executed_branches": [[197, 202], [202, -177], [202, 203]], "missing_branches": [[197, 198]]}, "WebhookReceiver._verify_signature": {"executed_lines": [221, 222, 224, 230], "summary": {"covered_lines": 4, "num_statements": 4, "percent_covered": 100.0, "percent_covered_display": "100.00", "missing_lines": 0, "excluded_lines": 0, "num_branches": 2, "num_partial_branches": 0, "covered_branches": 2, "missing_branches": 0}, "missing_lines": [], "excluded_lines": [], "executed_branches": [[221, 222], [221, 224]], "missing_branches": []}, "WebhookReceiver._is_duplicate": {"executed_lines": [241, 242, 245, 246, 249, 250, 253, 254], "summary": {"covered_lines": 8, "num_statements": 8, "percent_covered": 100.0, "percent_covered_display": "100.00", "missing_lines": 0, "excluded_lines": 0, "num_branches": 4, "num_partial_branches": 0, "covered_branches": 4, "missing_branches": 0}, "missing_lines": [], "excluded_lines": [], "executed_branches": [[241, 242], [241, 245], [249, 250], [249, 253]], "missing_branches": []}, "WebhookReceiver._check_rate_limit": {"executed_lines": [272, 273, 276, 277, 280, 285, 286, 289, 290], "summary": {"covered_lines": 9, "num_statements": 9, "percent_covered": 100.0, "percent_covered_display": "100.00", "missing_lines": 0, "excluded_lines": 0, "num_branches": 4, "num_partial_branches": 0, "covered_branches": 4, "missing_branches": 0}, "missing_lines": [], "excluded_lines": [], "executed_branches": [[276, 277], [276, 280], [285, 286], [285, 289]], "missing_branches": []}, "": {"executed_lines": [1, 8, 9, 10, 11, 12, 13, 15, 16, 18, 19, 22, 23, 25, 26, 27, 28, 29, 31, 32, 39, 40, 42, 73, 153, 166, 177, 211, 232, 256], "summary": {"covered_lines": 27, "num_statements": 27, "percent_covered": 100.0, "percent_covered_display": "100.00", "missing_lines": 0, "excluded_lines": 0, "num_branches": 0, "num_partial_branches": 0, "covered_branches": 0, "missing_branches": 0}, "missing_lines": [], "excluded_lines": [], "executed_branches": [], "missing_branches": []}}, "classes": {"WebhookEvent": {"executed_lines": [34, 35, 36], "summary": {"covered_lines": 3, "num_statements": 3, "percent_covered": 100.0, "percent_covered_display": "100.00", "missing_lines": 0, "excluded_lines": 0, "num_branches": 2, "num_partial_branches": 0, "covered_branches": 2, "missing_branches": 0}, "missing_lines": [], "excluded_lines": [], "executed_branches": [[34, 35], [34, 36]], "missing_branches": []}, "WebhookReceiver": {"executed_lines": [55, 56, 57, 58, 59, 60, 63, 64, 65, 70, 160, 161, 163, 164, 173, 174, 175, 183, 189, 192, 193, 195, 197, 202, 203, 204, 205, 206, 221, 222, 224, 230, 241, 242, 245, 246, 249, 250, 253, 254, 272, 273, 276, 277, 280, 285, 286, 289, 290], "summary": {"covered_lines": 49, "num_statements": 84, "percent_covered": 58.62068965517241, "percent_covered_display": "58.62", "missing_lines": 35, "excluded_lines": 0, "num_branches": 32, "num_partial_branches": 3, "covered_branches": 19, "missing_branches": 13}, "missing_lines": [71, 80, 81, 86, 88, 89, 92, 93, 94, 95, 99, 100, 101, 107, 108, 111, 112, 113, 116, 117, 118, 124, 126, 132, 133, 134, 138, 139, 140, 144, 145, 146, 151, 198, 199], "excluded_lines": [], "executed_branches": [[64, 65], [64, 70], [70, -42], [160, 161], [160, 163], [173, 174], [197, 202], [202, -177], [202, 203], [221, 222], [221, 224], [241, 242], [241, 245], [249, 250], [249, 253], [276, 277], [276, 280], [285, 286], [285, 289]], "missing_branches": [[70, 71], [92, 93], [92, 99], [93, 94], [93, 107], [99, 100], [99, 107], [111, 112], [111, 116], [116, 117], [116, 124], [173, -166], [197, 198]]}, "": {"executed_lines": [1, 8, 9, 10, 11, 12, 13, 15, 16, 18, 19, 22, 23, 25, 26, 27, 28, 29, 31, 32, 39, 40, 42, 73, 153, 166, 177, 211, 232, 256], "summary": {"covered_lines": 27, "num_statements": 27, "percent_covered": 100.0, "percent_covered_display": "100.00", "missing_lines": 0, "excluded_lines": 0, "num_branches": 0, "num_partial_branches": 0, "covered_branches": 0, "missing_branches": 0}, "missing_lines": [], "excluded_lines": [], "executed_branches": [], "missing_branches": []}}}}, "totals": {"covered_lines": 4865, "num_statements": 6105, "percent_covered": 78.18015426853184, "percent_covered_display": "78.18", "missing_lines": 1240, "excluded_lines": 14, "num_branches": 1544, "num_partial_branches": 231, "covered_branches": 1115, "missing_branches": 429}}